Run cd backend
============================= test session starts ==============================
platform linux -- Python 3.13.13, pytest-7.4.3, pluggy-1.6.0 -- /opt/hostedtoolcache/Python/3.13.13/x64/bin/python
cachedir: .pytest_cache
rootdir: /home/runner/work/RSD/RSD/backend/app/tests
configfile: pytest.ini
plugins: langsmith-0.8.15, anyio-4.13.0, mock-3.12.0, cov-4.1.0, asyncio-0.21.1
asyncio: mode=Mode.AUTO
collecting ... collected 396 items
app/tests/test_admin_booking_service.py::test_resolve_provider_fallbacks_to_local_without_crm ERROR [  0%]
app/tests/test_admin_booking_service.py::test_resolve_provider_uses_crm_when_connected ERROR [  0%]
app/tests/test_admin_booking_service.py::test_resolve_provider_requires_crm_connection ERROR [  0%]
app/tests/test_admin_booking_service.py::test_local_booking_lifecycle_create_reschedule_cancel ERROR [  1%]
app/tests/test_admin_booking_tool_registry.py::test_admin_booking_tool_registry_idempotency_replay FAILED [  1%]
app/tests/test_admin_booking_tool_registry.py::test_admin_booking_tool_registry_does_not_require_confirmation PASSED [  1%]
app/tests/test_admin_booking_tool_registry.py::test_admin_booking_tool_registry_supports_list_and_cancel_tools PASSED [  1%]
app/tests/test_admin_booking_tool_registry.py::test_admin_booking_tool_registry_find_next_available_tool FAILED [  2%]
app/tests/test_admin_booking_tool_registry.py::test_check_availability_past_date_returns_hint_not_busy PASSED [  2%]
app/tests/test_admin_booking_tool_registry.py::test_create_appointment_rejects_staff_id_as_service_id PASSED [  2%]
app/tests/test_admin_booking_tool_registry.py::test_create_appointment_yookassa_invalid_credentials_message PASSED [  2%]
app/tests/test_admin_booking_tool_registry.py::test_list_services_strips_price_minor_from_llm_payload PASSED [  3%]
app/tests/test_admin_router.py::TestAdminLogin::test_admin_login_success ERROR [  3%]
app/tests/test_admin_router.py::TestAdminLogin::test_admin_login_invalid_credentials ERROR [  3%]
app/tests/test_admin_router.py::TestAdminLogin::test_admin_login_not_configured ERROR [  3%]
app/tests/test_admin_router.py::TestAdminLogin::test_admin_login_invalid_hash_config ERROR [  4%]
app/tests/test_admin_router.py::TestAdminStats::test_get_stats_success ERROR [  4%]
app/tests/test_admin_router.py::TestAdminStats::test_get_stats_unauthorized ERROR [  4%]
app/tests/test_admin_router.py::TestAdminUsers::test_get_users_list_success ERROR [  4%]
app/tests/test_admin_router.py::TestAdminUsers::test_get_users_search ERROR [  5%]
app/tests/test_admin_router.py::TestAdminUsers::test_get_users_unauthorized ERROR [  5%]
app/tests/test_admin_router.py::TestAdminCreateUser::test_create_user_success ERROR [  5%]
app/tests/test_admin_router.py::TestAdminCreateUser::test_create_user_can_login_without_verification ERROR [  5%]
app/tests/test_admin_router.py::TestAdminCreateUser::test_create_user_duplicate_verified_email ERROR [  6%]
app/tests/test_admin_router.py::TestAdminCreateUser::test_create_user_activates_unverified_email ERROR [  6%]
app/tests/test_admin_router.py::TestAdminCreateUser::test_create_user_unauthorized ERROR [  6%]
app/tests/test_admin_router.py::TestAdminAgents::test_get_agents_list_success ERROR [  6%]
app/tests/test_admin_router.py::TestAdminPlans::test_get_plans_success ERROR [  7%]
app/tests/test_admin_router.py::TestAdminPlans::test_update_plans_success ERROR [  7%]
app/tests/test_admin_router.py::TestAdminAgentTemplatePricing::test_get_agent_template_pricing_success ERROR [  7%]
app/tests/test_admin_router.py::TestAdminAgentTemplatePricing::test_update_agent_template_pricing_success ERROR [  7%]
app/tests/test_admin_router.py::TestAdminBanUser::test_ban_user_success ERROR [  8%]
app/tests/test_admin_router.py::TestAdminBanUser::test_ban_user_not_found ERROR [  8%]
app/tests/test_admin_router.py::TestAdminUnbanUser::test_unban_user_success ERROR [  8%]
app/tests/test_admin_router.py::TestAdminUnbanUser::test_unban_user_not_banned ERROR [  8%]
app/tests/test_admin_router.py::TestAdminGiftSubscription::test_gift_subscription_success ERROR [  9%]
app/tests/test_admin_router.py::TestAdminGiftSubscription::test_gift_subscription_invalid_plan ERROR [  9%]
app/tests/test_admin_router.py::TestAdminGiftSubscription::test_gift_subscription_user_not_found ERROR [  9%]
app/tests/test_admin_router.py::TestAdminFreeAgentActivation::test_enable_free_agent_activation ERROR [  9%]
app/tests/test_admin_router.py::TestAdminFreeAgentActivation::test_disable_free_agent_activation ERROR [ 10%]
app/tests/test_admin_router.py::TestAdminFreeAgentActivation::test_free_agent_activation_user_not_found ERROR [ 10%]
app/tests/test_admin_template_router.py::test_admin_template_cards_endpoints ERROR [ 10%]
app/tests/test_admin_template_router.py::test_admin_template_service_same_title_different_staff ERROR [ 10%]
app/tests/test_admin_template_router.py::test_admin_template_schedule_appointments_and_occupancy ERROR [ 11%]
app/tests/test_admin_template_router.py::test_admin_template_stage8_waitlist_reminders_profiles_quick_replies ERROR [ 11%]
app/tests/test_agent_autopay.py::test_extract_saved_payment_method_id_from_dict PASSED [ 11%]
app/tests/test_agent_autopay.py::test_extract_saved_payment_method_id_not_saved PASSED [ 11%]
app/tests/test_agent_autopay.py::test_extract_saved_payment_method_id_from_object PASSED [ 12%]
app/tests/test_agent_availability.py::test_default_normalize_is_always_on PASSED [ 12%]
app/tests/test_agent_availability.py::test_scheduled_weekday_respects_timezone PASSED [ 12%]
app/tests/test_agent_availability.py::test_overnight_window PASSED       [ 12%]
app/tests/test_agent_availability.py::test_normalize_rejects_all_days_disabled PASSED [ 13%]
app/tests/test_agent_billing_maintenance.py::test_cron_deactivates_expired_agent PASSED [ 13%]
app/tests/test_agent_billing_maintenance.py::test_cron_skips_agent_still_in_trial PASSED [ 13%]
app/tests/test_agent_memory.py::test_format_channel_history_memory_includes_timestamps PASSED [ 13%]
app/tests/test_agent_memory.py::test_build_client_memory_block_includes_portrait_and_history PASSED [ 14%]
app/tests/test_agent_sales_contact_resolver.py::test_normalize_whatsapp_from_wa_me PASSED [ 14%]
app/tests/test_agent_sales_contact_resolver.py::test_normalize_telegram_from_t_me_phone PASSED [ 14%]
app/tests/test_agent_sales_contact_resolver.py::test_normalize_telegram_username PASSED [ 14%]
app/tests/test_agent_sales_contact_resolver.py::test_pick_outreach_prefers_whatsapp_column PASSED [ 15%]
app/tests/test_agent_sales_contact_resolver.py::test_pick_outreach_telegram_when_only_tg_column PASSED [ 15%]
app/tests/test_agent_sales_contact_resolver.py::test_build_import_dedup_key_stable PASSED [ 15%]
app/tests/test_agent_template_pricing.py::test_qa_is_free PASSED         [ 15%]
app/tests/test_agent_template_pricing.py::test_crm_admin_minimum_prices PASSED [ 16%]
app/tests/test_agent_template_pricing.py::test_sales_manager_minimum_prices PASSED [ 16%]
app/tests/test_agent_template_pricing.py::test_content_factory_not_selectable PASSED [ 16%]
app/tests/test_agent_template_pricing.py::test_ai_manager_not_selectable PASSED [ 16%]
app/tests/test_agent_template_pricing.py::test_ai_logist_not_selectable PASSED [ 17%]
app/tests/test_agent_template_pricing.py::test_activation_billing_state_paid_template_in_trial PASSED [ 17%]
app/tests/test_agent_template_pricing.py::test_free_agent_activation_exempt_user PASSED [ 17%]
app/tests/test_agent_template_pricing.py::test_agent_payment_plan_roundtrip PASSED [ 17%]
app/tests/test_agent_template_pricing.py::test_agent_payment_plan_name_fits_website_transaction_column PASSED [ 18%]
app/tests/test_agent_template_pricing.py::test_public_catalog_only_pricing_page_templates PASSED [ 18%]
app/tests/test_agent_template_pricing.py::test_admin_pricing_override_applies_and_reloads PASSED [ 18%]
app/tests/test_agent_template_pricing.py::test_maintenance_grace_three_day_trial PASSED [ 18%]
app/tests/test_agents_router.py::TestAgentsAuth::test_get_agent_unauthorized ERROR [ 19%]
app/tests/test_agents_router.py::TestAgentsAuth::test_get_agent_with_auth ERROR [ 19%]
app/tests/test_agents_router.py::TestAgentsCRUD::test_create_agent_by_token_success ERROR [ 19%]
app/tests/test_agents_router.py::TestAgentsCRUD::test_create_agent_duplicate ERROR [ 19%]
app/tests/test_agents_router.py::TestAgentsCRUD::test_update_agent ERROR [ 20%]
app/tests/test_agents_router.py::TestAgentsCRUD::test_toggle_agent_status ERROR [ 20%]
app/tests/test_agents_router.py::TestAgentsCRUD::test_delete_agent ERROR [ 20%]
app/tests/test_agents_router.py::TestAgentsCRUD::test_get_all_agents_by_tg_id ERROR [ 20%]
app/tests/test_agents_router.py::TestAgentsCRUD::test_create_empty_agent_sales_manager_default_config ERROR [ 21%]
app/tests/test_agents_router.py::TestAgentsCRUD::test_create_empty_agent_sales_manager_invalid_mode ERROR [ 21%]
app/tests/test_agents_router.py::TestAgentsCRUD::test_create_empty_agent_sales_manager_invalid_limit ERROR [ 21%]
app/tests/test_agents_router.py::TestAgentsCRUD::test_create_empty_agent_sales_manager_invalid_workflow_completion_mode ERROR [ 21%]
app/tests/test_agents_router.py::TestAgentsCRUD::test_create_empty_agent_sales_manager_invalid_lead_score_scale ERROR [ 22%]
app/tests/test_agents_router.py::TestAgentsCRUD::test_create_empty_agent_crm_admin_default_v2_config ERROR [ 22%]
app/tests/test_agents_router.py::TestAgentsCRUD::test_get_agent_migrates_legacy_crm_admin_template_config ERROR [ 22%]
app/tests/test_agents_router.py::TestAgentsCRUD::test_youtube_oauth_start_returns_auth_url ERROR [ 22%]
app/tests/test_agents_router.py::TestAgentsCRUD::test_youtube_oauth_callback_connects_channel ERROR [ 23%]
app/tests/test_agents_router.py::TestAgentsCRUD::test_youtube_health_endpoint ERROR [ 23%]
app/tests/test_agents_router.py::TestAgentsCRUD::test_content_jobs_list_filter_detail_and_metrics ERROR [ 23%]
app/tests/test_agents_router.py::TestAgentsCRUD::test_create_empty_agent_content_factory_blocked_in_development ERROR [ 23%]
app/tests/test_agents_router.py::TestAgentsCRUD::test_create_empty_agent_content_factory_defaults ERROR [ 24%]
app/tests/test_agents_router.py::TestAgentsCRUD::test_update_agent_content_factory_rejects_duration_more_than_8 ERROR [ 24%]
app/tests/test_agents_router.py::TestAgentsInternal::test_create_agent_by_tg_id_internal ERROR [ 24%]
app/tests/test_agents_router.py::TestAgentsCrm::test_connect_crm_bitrix24_smoke ERROR [ 25%]
app/tests/test_agents_router.py::TestTelegramWebhookSync::test_toggle_status_surfaces_telegram_webhook_error ERROR [ 25%]
app/tests/test_application_error_logs.py::test_admin_logs_requires_admin ERROR [ 25%]
app/tests/test_application_error_logs.py::test_admin_logs_lists_items ERROR [ 25%]
app/tests/test_application_error_logs.py::test_admin_logs_resolve ERROR  [ 26%]
app/tests/test_application_error_logs.py::test_record_error_log_persists ERROR [ 26%]
app/tests/test_booking_catalog_prompt.py::test_build_booking_catalog_knowledge_block_groups_by_staff PASSED [ 26%]
app/tests/test_booking_catalog_prompt.py::test_build_booking_catalog_knowledge_block_empty PASSED [ 26%]
app/tests/test_booking_payment_fulfillment.py::test_build_client_thank_you_message PASSED [ 27%]
app/tests/test_booking_payment_fulfillment.py::test_fulfill_creates_appointment_when_paid PASSED [ 27%]
app/tests/test_content_factory_worker.py::test_content_factory_worker_process_once_happy_path PASSED [ 27%]
app/tests/test_content_factory_worker.py::test_content_factory_worker_marks_failed_on_script_error PASSED [ 27%]
app/tests/test_content_factory_worker.py::test_content_factory_worker_process_once_without_jobs PASSED [ 28%]
app/tests/test_content_job_service.py::test_enqueue_daily_jobs_deduplicates_per_day ERROR [ 28%]
app/tests/test_content_job_service.py::test_claim_next_job_marks_started_once ERROR [ 28%]
app/tests/test_content_job_service.py::test_mark_failed_retries_transient_error ERROR [ 28%]
app/tests/test_content_job_service.py::test_mark_failed_fail_fast_on_auth_config_errors ERROR [ 29%]
app/tests/test_content_job_service.py::test_mark_status_updates_payload_fields ERROR [ 29%]
app/tests/test_crm_providers_contract.py::test_build_provider_supports_multiple_crm[amocrm-AmoCRMProvider] PASSED [ 29%]
app/tests/test_crm_providers_contract.py::test_build_provider_supports_multiple_crm[bitrix24-Bitrix24Provider] PASSED [ 29%]
app/tests/test_crm_providers_contract.py::test_build_provider_rejects_unknown_provider PASSED [ 30%]
app/tests/test_crm_providers_contract.py::test_validate_connection_contract[amocrm-AmoCRMProvider-health_payload0-123] PASSED [ 30%]
app/tests/test_crm_providers_contract.py::test_validate_connection_contract[bitrix24-Bitrix24Provider-health_payload1-42] PASSED [ 30%]
app/tests/test_crm_providers_contract.py::test_crm_provider_contract_calls[find_contact-kwargs0-amocrm-AmoCRMProvider] PASSED [ 30%]
app/tests/test_crm_providers_contract.py::test_crm_provider_contract_calls[find_contact-kwargs0-bitrix24-Bitrix24Provider] PASSED [ 31%]
app/tests/test_crm_providers_contract.py::test_crm_provider_contract_calls[create_contact-kwargs1-amocrm-AmoCRMProvider] PASSED [ 31%]
app/tests/test_crm_providers_contract.py::test_crm_provider_contract_calls[create_contact-kwargs1-bitrix24-Bitrix24Provider] PASSED [ 31%]
app/tests/test_crm_providers_contract.py::test_crm_provider_contract_calls[find_lead-kwargs2-amocrm-AmoCRMProvider] PASSED [ 31%]
app/tests/test_crm_providers_contract.py::test_crm_provider_contract_calls[find_lead-kwargs2-bitrix24-Bitrix24Provider] PASSED [ 32%]
app/tests/test_crm_providers_contract.py::test_crm_provider_contract_calls[create_lead-kwargs3-amocrm-AmoCRMProvider] PASSED [ 32%]
app/tests/test_crm_providers_contract.py::test_crm_provider_contract_calls[create_lead-kwargs3-bitrix24-Bitrix24Provider] PASSED [ 32%]
app/tests/test_crm_providers_contract.py::test_crm_provider_contract_calls[update_lead-kwargs4-amocrm-AmoCRMProvider] PASSED [ 32%]
app/tests/test_crm_providers_contract.py::test_crm_provider_contract_calls[update_lead-kwargs4-bitrix24-Bitrix24Provider] PASSED [ 33%]
app/tests/test_crm_providers_contract.py::test_crm_provider_contract_calls[add_note-kwargs5-amocrm-AmoCRMProvider] PASSED [ 33%]
app/tests/test_crm_providers_contract.py::test_crm_provider_contract_calls[add_note-kwargs5-bitrix24-Bitrix24Provider] PASSED [ 33%]
app/tests/test_crm_providers_contract.py::test_crm_provider_contract_calls[create_task-kwargs6-amocrm-AmoCRMProvider] PASSED [ 33%]
app/tests/test_crm_providers_contract.py::test_crm_provider_contract_calls[create_task-kwargs6-bitrix24-Bitrix24Provider] PASSED [ 34%]
app/tests/test_crm_providers_contract.py::test_crm_provider_contract_calls[assign_owner-kwargs7-amocrm-AmoCRMProvider] PASSED [ 34%]
app/tests/test_crm_providers_contract.py::test_crm_provider_contract_calls[assign_owner-kwargs7-bitrix24-Bitrix24Provider] PASSED [ 34%]
app/tests/test_documents_router.py::TestGetAllDocumentsByBotID::test_get_documents_success ERROR [ 34%]
app/tests/test_documents_router.py::TestGetAllDocumentsByBotID::test_get_documents_agent_not_found ERROR [ 35%]
app/tests/test_documents_router.py::TestGetAllDocumentsByBotID::test_get_documents_unauthorized ERROR [ 35%]
app/tests/test_documents_router.py::TestGetDocumentByID::test_get_document_success ERROR [ 35%]
app/tests/test_documents_router.py::TestGetDocumentByID::test_get_document_not_found ERROR [ 35%]
app/tests/test_documents_router.py::TestGetDocumentByID::test_get_document_forbidden ERROR [ 36%]
app/tests/test_documents_router.py::TestDeleteDocument::test_delete_document_success ERROR [ 36%]
app/tests/test_documents_router.py::TestDeleteDocument::test_delete_document_qdrant_error ERROR [ 36%]
app/tests/test_documents_router.py::TestGetContext::test_get_context_success ERROR [ 36%]
app/tests/test_documents_router.py::TestGetContext::test_get_context_agent_not_found ERROR [ 37%]
app/tests/test_documents_router.py::TestUploadDocument::test_upload_document_success ERROR [ 37%]
app/tests/test_documents_router.py::TestUploadDocument::test_upload_document_limit_exceeded ERROR [ 37%]
app/tests/test_documents_router.py::TestUploadPublicLink::test_upload_public_link_success ERROR [ 37%]
app/tests/test_documents_router.py::TestUploadPublicLink::test_upload_public_link_rejects_private_host ERROR [ 38%]
app/tests/test_http_integration.py::test_hostname_blocked_private PASSED [ 38%]
app/tests/test_http_integration.py::test_validate_parameters_schema_requires_consistency PASSED [ 38%]
app/tests/test_http_integration.py::test_validate_integration_bundle_minimal PASSED [ 38%]
app/tests/test_internal_sales_allocation.py::test_effective_daily_quota_role_defaults PASSED [ 39%]
app/tests/test_internal_sales_allocation.py::test_effective_daily_quota_custom_override PASSED [ 39%]
app/tests/test_internal_sales_allocation.py::test_build_contact_dedup_key_phone PASSED [ 39%]
app/tests/test_internal_sales_allocation.py::test_build_contact_dedup_key_org_fallback PASSED [ 39%]
app/tests/test_internal_sales_allocation.py::test_normalize_funnel_period PASSED [ 40%]
app/tests/test_internal_sales_allocation.py::test_funnel_period_range_all_is_open PASSED [ 40%]
app/tests/test_internal_sales_allocation.py::test_funnel_period_range_day_has_bounds PASSED [ 40%]
app/tests/test_internal_sales_allocation.py::test_apply_workflow_timestamps_does_not_archive PASSED [ 40%]
app/tests/test_internal_sales_allocation.py::test_apply_workflow_timestamps_sets_called_on_in_progress PASSED [ 41%]
app/tests/test_internal_sales_allocation.py::test_can_request_more_only_after_first_batch PASSED [ 41%]
app/tests/test_internal_sales_allocation.py::test_ensure_daily_allocation_skips_if_first_event_done PASSED [ 41%]
app/tests/test_internal_sales_allocation.py::test_request_more_requires_no_pending_new PASSED [ 41%]
app/tests/test_internal_sales_allocation.py::test_request_more_blocks_third_batch PASSED [ 42%]
app/tests/test_kling_client.py::test_submit_render_retries_and_returns_task PASSED [ 42%]
app/tests/test_kling_client.py::test_submit_render_idempotency_replay_skips_second_request PASSED [ 42%]
app/tests/test_kling_client.py::test_poll_render_maps_status_and_error PASSED [ 42%]
app/tests/test_outreach_scheduling.py::test_stagger_delay_in_range PASSED [ 43%]
app/tests/test_outreach_scheduling.py::test_schedule_after_stagger_in_future PASSED [ 43%]
app/tests/test_outreach_scheduling.py::test_follow_up_delays PASSED      [ 43%]
app/tests/test_payments_router.py::TestGetSubscriptionPlans::test_get_plans_success ERROR [ 43%]
app/tests/test_payments_router.py::TestProcessSuccessfulPayment::test_process_payment_success ERROR [ 44%]
app/tests/test_payments_router.py::TestProcessSuccessfulPayment::test_process_payment_duplicate ERROR [ 44%]
app/tests/test_payments_router.py::TestProcessSuccessfulPayment::test_process_payment_user_not_found ERROR [ 44%]
app/tests/test_payments_router.py::TestProcessSuccessfulPayment::test_process_payment_unauthorized ERROR [ 44%]
app/tests/test_payments_router.py::TestCreateYooKassaPayment::test_create_yookassa_payment_success ERROR [ 45%]
app/tests/test_payments_router.py::TestCreateYooKassaPayment::test_create_yookassa_payment_invalid_plan ERROR [ 45%]
app/tests/test_payments_router.py::TestCreateYooKassaPayment::test_create_yookassa_payment_missing_return_url ERROR [ 45%]
app/tests/test_payments_router.py::TestCreateYooKassaPayment::test_create_yookassa_payment_unauthenticated ERROR [ 45%]
app/tests/test_payments_router.py::TestGetYooKassaPaymentStatus::test_get_payment_status_success ERROR [ 46%]
app/tests/test_payments_router.py::TestGetYooKassaPaymentStatus::test_get_payment_status_not_found ERROR [ 46%]
app/tests/test_payments_router.py::TestGetYooKassaPaymentStatus::test_get_payment_status_unauthenticated ERROR [ 46%]
app/tests/test_payments_router.py::TestYooKassaWebhook::test_webhook_payment_succeeded ERROR [ 46%]
app/tests/test_payments_router.py::TestYooKassaWebhook::test_webhook_refund_succeeded ERROR [ 47%]
app/tests/test_payments_router.py::TestYooKassaWebhook::test_webhook_invalid_json ERROR [ 47%]
app/tests/test_payments_router.py::TestYooKassaWebhook::test_webhook_unknown_event ERROR [ 47%]
app/tests/test_referral_service.py::test_normalize_referral_code[  abc12  -ABC12] PASSED [ 47%]
app/tests/test_referral_service.py::test_normalize_referral_code[ref-code-REFCODE] PASSED [ 48%]
app/tests/test_referral_service.py::test_normalize_referral_code[-None] PASSED [ 48%]
app/tests/test_referral_service.py::test_normalize_referral_code[None-None] PASSED [ 48%]
app/tests/test_referral_service.py::test_compute_partner_commission_percent[0-50] PASSED [ 48%]
app/tests/test_referral_service.py::test_compute_partner_commission_percent[10-40] PASSED [ 49%]
app/tests/test_referral_service.py::test_compute_partner_commission_percent[50-0] PASSED [ 49%]
app/tests/test_referral_service.py::test_compute_partner_commission_percent[99-0] PASSED [ 49%]
app/tests/test_referral_service.py::test_compute_partner_commission_percent[-5-50] PASSED [ 50%]
app/tests/test_referral_service.py::test_max_partner_promo_discount_cap PASSED [ 50%]
app/tests/test_referral_service.py::test_compute_commission_kopecks PASSED [ 50%]
app/tests/test_sales_contact_pool.py::test_external_id_lookup_variants_phone PASSED [ 50%]
app/tests/test_sales_contact_pool.py::test_external_id_lookup_variants_whatsapp_jid_matches_excel_digits PASSED [ 51%]
app/tests/test_sales_contact_pool.py::test_contact_row_in_pool_by_metadata PASSED [ 51%]
app/tests/test_sales_contact_pool.py::test_contact_row_in_pool_discovered_global_without_flag PASSED [ 51%]
app/tests/test_sales_contact_pool.py::test_contact_row_in_pool_group_source PASSED [ 51%]
app/tests/test_sales_contact_pool.py::test_user_in_pool_via_excel_import_unit PASSED [ 52%]
app/tests/test_sales_contact_upsert.py::test_apply_import_fields_skips_comment_and_status PASSED [ 52%]
app/tests/test_sales_contact_upsert.py::test_upsert_updates_existing_contact PASSED [ 52%]
app/tests/test_sales_contact_upsert.py::test_build_contact_dedup_key_unchanged PASSED [ 52%]
app/tests/test_sales_excel_import.py::test_normalize_whatsapp_import_value_fixes_erroneous_leading_one PASSED [ 53%]
app/tests/test_sales_excel_import.py::test_fit_phone_truncates_beyond_limit PASSED [ 53%]
app/tests/test_sales_excel_import.py::test_fit_email_takes_first_from_comma_list PASSED [ 53%]
app/tests/test_sales_excel_import.py::test_fit_email_fits_db_column PASSED [ 53%]
app/tests/test_sales_excel_import.py::test_parse_yamap_2gis_email_fits_db_columns PASSED [ 54%]
app/tests/test_sales_excel_import.py::test_parse_yamap_phones_fit_db_columns PASSED [ 54%]
app/tests/test_sales_excel_import.py::test_parse_yamap_messenger_columns PASSED [ 54%]
app/tests/test_sales_fsm.py::test_sales_fsm_allowed_transitions PASSED   [ 54%]
app/tests/test_sales_fsm.py::test_sales_fsm_denied_transitions PASSED    [ 55%]
app/tests/test_sales_invoice.py::test_moy_nalog_configured_requires_credentials PASSED [ 55%]
app/tests/test_sales_invoice.py::test_authenticate_by_refresh_token_without_password PASSED [ 55%]
app/tests/test_sales_invoice.py::test_create_contact_receipt_pdf_converts_png_to_pdf PASSED [ 55%]
app/tests/test_sales_invoice.py::test_persist_receipt_metadata_updates_extra_json PASSED [ 56%]
app/tests/test_sales_manager.py::test_sales_manager_template_config_normalization PASSED [ 56%]
app/tests/test_sales_manager.py::test_dm_queue_service_enqueue_and_retrieve ERROR [ 56%]
app/tests/test_sales_manager.py::test_dm_queue_service_mark_sent ERROR   [ 56%]
app/tests/test_sales_manager.py::test_dm_queue_service_mark_failed_with_retry ERROR [ 57%]
app/tests/test_sales_manager.py::test_sales_fsm_transitions ERROR        [ 57%]
app/tests/test_sales_manager.py::test_sales_fsm_illegal_transition ERROR [ 57%]
app/tests/test_sales_manager.py::test_sales_tool_registry_schedule_dm PASSED [ 57%]
app/tests/test_sales_manager.py::test_sales_tool_registry_execute_schedule_dm ERROR [ 58%]
app/tests/test_sales_manager.py::test_sales_tool_registry_skip_lead PASSED [ 58%]
app/tests/test_sales_manager.py::TestSalesManagerFeatureFlag::test_feature_flag_can_be_enabled PASSED [ 58%]
app/tests/test_sales_manager.py::TestSalesManagerFeatureFlag::test_template_type_normalization_includes_sales_manager PASSED [ 58%]
app/tests/test_sales_manager.py::TestSalesManagerFeatureFlag::test_sales_manager_template_validation PASSED [ 59%]
app/tests/test_sales_tool_registry.py::test_sales_tool_registry_idempotency_replay PASSED [ 59%]
app/tests/test_sales_tool_registry.py::test_sales_tool_registry_confirmation_required PASSED [ 59%]
app/tests/test_sales_trigger_words.py::test_normalize_strips_json_fence_and_quotes PASSED [ 59%]
app/tests/test_sales_trigger_words.py::test_normalize_dirty_list_items PASSED [ 60%]
app/tests/test_sales_trigger_words.py::test_normalize_json_string_field PASSED [ 60%]
app/tests/test_script_service.py::test_generate_for_job_saves_script_and_metadata ERROR [ 60%]
app/tests/test_script_service.py::test_generate_for_job_enforces_duration_limit ERROR [ 60%]
app/tests/test_script_service.py::test_generate_for_missing_job_raises ERROR [ 61%]
app/tests/test_search_service.py::test_plan_rag_queries_can_skip_rag PASSED [ 61%]
app/tests/test_search_service.py::test_plan_rag_queries_fallback_skips_small_talk PASSED [ 61%]
app/tests/test_search_service.py::test_plan_rag_queries_fallback_uses_original_query PASSED [ 61%]
app/tests/test_telegram_userbot_auth.py::test_qr_url_to_data_url PASSED  [ 62%]
app/tests/test_telegram_userbot_auth.py::test_find_tdata_dir_nested PASSED [ 62%]
app/tests/test_telegram_userbot_auth.py::test_resolve_api_credentials_custom PASSED [ 62%]
app/tests/test_telegram_userbot_auth.py::test_resolve_api_credentials_builtin_fallback PASSED [ 62%]
app/tests/test_telegram_userbot_auth.py::test_resolve_api_credentials_opentele_default SKIPPED [ 63%]
app/tests/test_telegram_userbot_auth.py::test_import_session_file_rejects_empty PASSED [ 63%]
app/tests/test_telephony_barge_in.py::test_agent_spoken_key_format PASSED [ 63%]
app/tests/test_telephony_barge_in.py::test_handle_barge_in_cancels_and_sets_interrupted PASSED [ 63%]
app/tests/test_telephony_barge_in.py::test_barge_in_then_stt_final_uses_interrupted_in_prompt PASSED [ 64%]
app/tests/test_telephony_credentials.py::test_channel_provider_constant PASSED [ 64%]
app/tests/test_telephony_credentials.py::test_valid_credentials_roundtrip PASSED [ 64%]
app/tests/test_telephony_credentials.py::test_parse_telephony_credentials_from_dict PASSED [ 64%]
app/tests/test_telephony_credentials.py::test_rejects_invalid_e164 PASSED [ 65%]
app/tests/test_telephony_credentials.py::test_rejects_short_webhook_secret PASSED [ 65%]
app/tests/test_telephony_credentials.py::test_rejects_unknown_provider PASSED [ 65%]
app/tests/test_telephony_credentials.py::test_rejects_extra_fields PASSED [ 65%]
app/tests/test_telephony_credentials.py::test_json_schema_file_exists_and_matches_required_keys PASSED [ 66%]
app/tests/test_telephony_dialogue_voice.py::test_filler_for_turn_rag PASSED [ 66%]
app/tests/test_telephony_dialogue_voice.py::test_filler_for_turn_crm_priority PASSED [ 66%]
app/tests/test_telephony_dialogue_voice.py::test_prepend_opening_ack FAILED [ 66%]
app/tests/test_telephony_dtmf.py::test_dtmf_transcript_digits PASSED     [ 67%]
app/tests/test_telephony_dtmf.py::test_dtmf_menu_prompt PASSED           [ 67%]
app/tests/test_telephony_intent.py::test_detect_hangup_intent PASSED     [ 67%]
app/tests/test_telephony_intent.py::test_detect_operator_transfer_intent PASSED [ 67%]
app/tests/test_telephony_internal.py::test_event_to_status_mapping PASSED [ 68%]
app/tests/test_telephony_internal.py::test_webhook_signature_v1_matches_rfc PASSED [ 68%]
app/tests/test_telephony_internal.py::test_upsert_call_event_creates_then_updates FAILED [ 68%]
app/tests/test_telephony_internal.py::test_telephony_credentials_roundtrip_for_connect PASSED [ 68%]
app/tests/test_telephony_latency_budget.py::test_budget_from_gateway_metrics PASSED [ 69%]
app/tests/test_telephony_latency_budget.py::test_merge_budget_e2r_wall PASSED [ 69%]
app/tests/test_telephony_latency_budget.py::test_compute_e2r_sum PASSED  [ 69%]
app/tests/test_telephony_latency_budget.py::test_apply_budget_to_metadata_history PASSED [ 69%]
app/tests/test_telephony_latency_budget.py::test_metrics_record_latency_budget PASSED [ 70%]
app/tests/test_telephony_logging.py::test_redact_api_key_in_logs PASSED  [ 70%]
app/tests/test_telephony_masking.py::test_mask_caller_e164 PASSED        [ 70%]
app/tests/test_telephony_metrics.py::test_metrics_snapshot_and_alert PASSED [ 70%]
app/tests/test_telephony_orchestrator.py::test_dialog_state_greet_to_listen PASSED [ 71%]
app/tests/test_telephony_orchestrator.py::test_barge_in_prompt_addon PASSED [ 71%]
app/tests/test_telephony_orchestrator.py::test_context_stt_empty_suggests_dtmf PASSED [ 71%]
app/tests/test_telephony_orchestrator.py::test_stt_empty_suggests_dtmf_after_two_fails PASSED [ 71%]
app/tests/test_telephony_orchestrator_dtmf.py::test_dtmf_unknown_extension_streams_phrase PASSED [ 72%]
app/tests/test_telephony_orchestrator_dtmf.py::test_dtmf_routed_agent_plays_default_welcome_when_empty PASSED [ 72%]
app/tests/test_telephony_orchestrator_dtmf.py::test_apply_routed_agent_streams_default_welcome FAILED [ 72%]
app/tests/test_telephony_orchestrator_events.py::test_session_start_resets_context PASSED [ 72%]
app/tests/test_telephony_orchestrator_events.py::test_barge_in_then_stt_final PASSED [ 73%]
app/tests/test_telephony_orchestrator_events.py::test_decide_from_context_without_call_row PASSED [ 73%]
app/tests/test_telephony_orchestrator_events.py::test_apply_barge_in_sets_flag PASSED [ 73%]
app/tests/test_telephony_orchestrator_integration.py::test_stt_final_records_latency_budget_in_metadata FAILED [ 73%]
app/tests/test_telephony_platform_config.py::test_format_dial_with_extension PASSED [ 74%]
app/tests/test_telephony_platform_config.py::test_platform_public_fields_structure PASSED [ 74%]
app/tests/test_telephony_prompt.py::test_apply_phone_style_instructions_appends_voice_block PASSED [ 74%]
app/tests/test_telephony_prompt.py::test_recording_disclaimer_not_empty PASSED [ 75%]
app/tests/test_telephony_prosody.py::test_format_time_colon PASSED       [ 75%]
app/tests/test_telephony_prosody.py::test_wrap_ssml_prosody PASSED       [ 75%]
app/tests/test_telephony_routing.py::test_normalize_extension PASSED     [ 75%]
app/tests/test_telephony_routing.py::test_dedicated_did_legacy_single_number PASSED [ 76%]
app/tests/test_telephony_routing.py::test_dedicated_did_skips_pool_primary_when_extension_set PASSED [ 76%]
app/tests/test_telephony_routing.py::test_inbound_numbers_deduped PASSED [ 76%]
app/tests/test_telephony_routing.py::test_routing_public_fields PASSED   [ 76%]
app/tests/test_telephony_routing.py::test_rejects_invalid_extension_in_credentials PASSED [ 77%]
app/tests/test_telephony_routing.py::test_resolve_agent_by_extension_falls_back_to_db_when_redis_miss ERROR [ 77%]
app/tests/test_telephony_sip_routing.py::test_sip_header_matches_wildcard PASSED [ 77%]
app/tests/test_telephony_sip_routing.py::test_resolve_connection_by_sip_headers PASSED [ 77%]
app/tests/test_telephony_stream_cancel.py::test_cancel_turn PASSED       [ 78%]
app/tests/test_telephony_stream_cancel.py::test_cancel_turn_missing PASSED [ 78%]
app/tests/test_telephony_stream_cancel.py::test_cancel_by_call_id PASSED [ 78%]
app/tests/test_telephony_stream_fixed_phrase.py::test_stream_fixed_phrase_publishes_audio PASSED [ 78%]
app/tests/test_telephony_streaming.py::test_split_sentences_russian FAILED [ 79%]
app/tests/test_telephony_streaming.py::test_extract_complete_sentences_buffers_tail PASSED [ 79%]
app/tests/test_telephony_streaming_syntagma.py::test_split_syntagmas_commas PASSED [ 79%]
app/tests/test_telephony_streaming_syntagma.py::test_extract_complete_syntagmas_tail PASSED [ 79%]
app/tests/test_telephony_tts.py::test_strip_for_tts_removes_ssml PASSED  [ 80%]
app/tests/test_telephony_tts.py::test_map_voice_yandex_default PASSED    [ 80%]
app/tests/test_telephony_tts.py::test_map_voice_openai_default PASSED    [ 80%]
app/tests/test_telephony_tts.py::test_resolve_preview_tts_provider_yandex PASSED [ 80%]
app/tests/test_telephony_tts.py::test_resolve_preview_tts_voximplant_fallback_openai PASSED [ 81%]
app/tests/test_telephony_tts.py::test_elevenlabs_rejects_non_pcm_content_type FAILED [ 81%]
app/tests/test_telephony_turn_handler.py::test_turn_handler_stt_empty_without_transcript FAILED [ 81%]
app/tests/test_telephony_turn_handler.py::test_turn_handler_rejects_pstn_caller PASSED [ 81%]
app/tests/test_telephony_turn_handler.py::test_turn_handler_ignores_recording_url_for_pstn FAILED [ 82%]
app/tests/test_telephony_turn_limits.py::test_turn_handler_rejects_when_max_turns_reached FAILED [ 82%]
app/tests/test_telephony_turn_limits.py::test_turn_handler_rejects_when_call_duration_exceeded FAILED [ 82%]
app/tests/test_telephony_webhook_signature.py::test_signature_deterministic PASSED [ 82%]
app/tests/test_telephony_webhook_signature.py::test_signature_changes_with_connection_id PASSED [ 83%]
app/tests/test_telephony_welcome_phrases.py::test_resolve_telephony_welcome_text_uses_default_when_empty PASSED [ 83%]
app/tests/test_telephony_welcome_phrases.py::test_resolve_telephony_welcome_text_keeps_agent_message PASSED [ 83%]
app/tests/test_template_runtime_sales.py::test_sales_runtime_draft_only PASSED [ 83%]
app/tests/test_template_runtime_sales.py::test_sales_runtime_skip_low_confidence PASSED [ 84%]
app/tests/test_template_runtime_sales.py::test_sales_runtime_neuro_channel_skips_lead_pipeline PASSED [ 84%]
app/tests/test_template_runtime_sales.py::test_sales_runtime_function_call_schedule_dm ERROR [ 84%]
app/tests/test_template_runtime_sales.py::test_crm_admin_runtime_uses_booking_tools_without_crm_connection FAILED [ 84%]
app/tests/test_template_runtime_sales.py::test_crm_admin_runtime_executes_dsml_tool_calls FAILED [ 85%]
app/tests/test_template_runtime_sales.py::test_content_factory_runtime_pipeline_mode_message PASSED [ 85%]
app/tests/test_template_runtime_sales.py::test_content_factory_runtime_technical_message_fallback PASSED [ 85%]
app/tests/test_template_runtime_sales.py::test_qa_runtime_marks_owner_handoff_by_marker PASSED [ 85%]
app/tests/test_template_runtime_sales.py::test_qa_runtime_operator_assist_does_not_freeze_chat PASSED [ 86%]
app/tests/test_template_runtime_sales.py::test_lead_generation_does_not_enable_owner_handoff PASSED [ 86%]
app/tests/test_template_runtime_sales.py::test_sales_runtime_pool_only_rejects_unknown_private_inbound PASSED [ 86%]
app/tests/test_template_runtime_sales.py::test_sales_runtime_private_inbound_skips_target_check FAILED [ 86%]
app/tests/test_template_runtime_sales.py::test_sales_runtime_mark_contacted_returns_human_text FAILED [ 87%]
app/tests/test_template_runtime_sales.py::test_sales_runtime_stops_when_contact_already_terminal FAILED [ 87%]
app/tests/test_template_runtime_sales.py::test_sales_runtime_finish_workflow_signal FAILED [ 87%]
app/tests/test_template_runtime_sanitize.py::test_sanitize_preserves_payment_url_value PASSED [ 87%]
app/tests/test_template_runtime_sanitize.py::test_sanitize_preserves_bare_https_url PASSED [ 88%]
app/tests/test_template_runtime_sanitize.py::test_sanitize_still_redacts_internal_json_keys PASSED [ 88%]
app/tests/test_template_runtime_sanitize.py::test_ensure_booking_payment_url_appends_when_missing PASSED [ 88%]
app/tests/test_template_runtime_sanitize.py::test_ensure_booking_payment_url_replaces_redacted_placeholder PASSED [ 88%]
app/tests/test_template_runtime_sanitize.py::test_ensure_booking_payment_url_survives_final_sanitize PASSED [ 89%]
app/tests/test_user_error_reports.py::test_create_error_report_requires_auth ERROR [ 89%]
app/tests/test_user_error_reports.py::test_create_error_report_success ERROR [ 89%]
app/tests/test_user_error_reports.py::test_admin_error_reports_requires_admin ERROR [ 89%]
app/tests/test_user_error_reports.py::test_admin_error_reports_lists_items ERROR [ 90%]
app/tests/test_userbot_manager_sales_modes.py::test_sales_modes_group_listening_for_lead_generation PASSED [ 90%]
app/tests/test_userbot_manager_sales_modes.py::test_sales_modes_channel_listening_for_neuro_commenting PASSED [ 90%]
app/tests/test_userbot_manager_sales_modes.py::test_sales_modes_group_listening_for_live_chat_simulation PASSED [ 90%]
app/tests/test_userbot_manager_sales_modes.py::test_sales_modes_neuro_only_ignores_groups PASSED [ 91%]
app/tests/test_userbot_manager_sales_modes.py::test_sales_modes_non_neuro_ignores_channels PASSED [ 91%]
app/tests/test_userbot_manager_sales_modes.py::test_trigger_matching_non_strict_stem_like_behavior PASSED [ 91%]
app/tests/test_userbot_manager_sales_modes.py::test_trigger_matching_fallback_for_existing_agents PASSED [ 91%]
app/tests/test_userbot_manager_sales_modes.py::test_trigger_matching_ignores_short_stopword_tokens PASSED [ 92%]
app/tests/test_userbot_manager_sales_modes.py::test_trigger_matching_multi_word_phrase_split PASSED [ 92%]
app/tests/test_userbot_manager_sales_modes.py::test_trigger_matching_russian_word_forms PASSED [ 92%]
app/tests/test_users_router.py::TestUserRegistration::test_registration_success ERROR [ 92%]
app/tests/test_users_router.py::TestUserRegistration::test_registration_resend_cooldown ERROR [ 93%]
app/tests/test_users_router.py::TestUserRegistration::test_registration_repeat_for_existing_user_conflict ERROR [ 93%]
app/tests/test_users_router.py::TestUserRegistration::test_registration_duplicate_email ERROR [ 93%]
app/tests/test_users_router.py::TestUserRegistration::test_registration_invalid_email ERROR [ 93%]
app/tests/test_users_router.py::TestUserRegistration::test_registration_short_password ERROR [ 94%]
app/tests/test_users_router.py::TestUserRegistration::test_registration_mailopost_failure_completes_without_code ERROR [ 94%]
app/tests/test_users_router.py::TestUserRegistration::test_registration_verify_success ERROR [ 94%]
app/tests/test_users_router.py::TestPasswordReset::test_password_reset_request_success ERROR [ 94%]
app/tests/test_users_router.py::TestPasswordReset::test_password_reset_request_user_not_found ERROR [ 95%]
app/tests/test_users_router.py::TestPasswordReset::test_password_reset_full_flow_success ERROR [ 95%]
app/tests/test_users_router.py::TestPasswordReset::test_password_reset_mailopost_failure_still_requires_code ERROR [ 95%]
app/tests/test_users_router.py::TestUserLogin::test_login_success ERROR  [ 95%]
app/tests/test_users_router.py::TestUserLogin::test_login_success_by_email ERROR [ 96%]
app/tests/test_users_router.py::TestUserLogin::test_login_wrong_password ERROR [ 96%]
app/tests/test_users_router.py::TestUserLogin::test_login_user_not_found ERROR [ 96%]
app/tests/test_users_router.py::TestUserSessionLifecycle::test_refresh_rotates_refresh_token ERROR [ 96%]
app/tests/test_users_router.py::TestUserSessionLifecycle::test_logout_revokes_current_session ERROR [ 97%]
app/tests/test_users_router.py::TestGetUserByAgentID::test_get_by_agent_id_success ERROR [ 97%]
app/tests/test_users_router.py::TestGetUserByAgentID::test_get_by_agent_id_not_found ERROR [ 97%]
app/tests/test_users_router.py::TestGetUserByAgentID::test_get_by_agent_id_unauthorized ERROR [ 97%]
app/tests/test_users_router.py::TestGetUserByTgID::test_get_by_tg_id_success ERROR [ 98%]
app/tests/test_users_router.py::TestGetUserByTgID::test_get_by_tg_id_not_found ERROR [ 98%]
app/tests/test_users_router.py::TestUpdateUserByTgID::test_update_subscription_success ERROR [ 98%]
app/tests/test_users_router.py::TestCreateUserInternal::test_create_user_internal_success ERROR [ 98%]
app/tests/test_users_router.py::TestCreateUserInternal::test_create_user_internal_duplicate ERROR [ 99%]
app/tests/test_youtube_client.py::test_build_oauth_authorization_url PASSED [ 99%]
app/tests/test_youtube_client.py::test_exchange_code_for_tokens PASSED   [ 99%]
app/tests/test_youtube_client.py::test_upload_short_refresh_and_upload PASSED [100%]
==================================== ERRORS ====================================
____ ERROR at setup of test_resolve_provider_fallbacks_to_local_without_crm ____
/opt/hostedtoolcache/Python/3.13.13/x64/lib/python3.13/site-packages/sqlalchemy/sql/visitors.py:134: in _compiler_dispatch
    meth = getter(visitor)
E   AttributeError: 'SQLiteTypeCompiler' object has no attribute 'visit_JSONB'. Did you mean: 'visit_JSON'?
The above exception was the direct cause of the following exception:
/opt/hostedtoolcache/Python/3.13.13/x64/lib/python3.13/site-packages/sqlalchemy/sql/compiler.py:6769: in visit_create_table
    processed = self.process(
/opt/hostedtoolcache/Python/3.13.13/x64/lib/python3.13/site-packages/sqlalchemy/sql/compiler.py:932: in process
    return obj._compiler_dispatch(self, **kwargs)
/opt/hostedtoolcache/Python/3.13.13/x64/lib/python3.13/site-packages/sqlalchemy/sql/visitors.py:138: in _compiler_dispatch
    return meth(self, **kw)  # type: ignore  # noqa: E501
/opt/hostedtoolcache/Python/3.13.13/x64/lib/python3.13/site-packages/sqlalchemy/sql/compiler.py:6800: in visit_create_column
    text = self.get_column_specification(column, first_pk=first_pk)
/opt/hostedtoolcache/Python/3.13.13/x64/lib/python3.13/site-packages/sqlalchemy/dialects/sqlite/base.py:1674: in get_column_specification
    coltype = self.dialect.type_compiler_instance.process(
/opt/hostedtoolcache/Python/3.13.13/x64/lib/python3.13/site-packages/sqlalchemy/sql/compiler.py:977: in process
    return type_._compiler_dispatch(self, **kw)
/opt/hostedtoolcache/Python/3.13.13/x64/lib/python3.13/site-packages/sqlalchemy/sql/visitors.py:136: in _compiler_dispatch
    return visitor.visit_unsupported_compilation(self, err, **kw)  # type: ignore  # noqa: E501
/opt/hostedtoolcache/Python/3.13.13/x64/lib/python3.13/site-packages/sqlalchemy/sql/compiler.py:982: in visit_unsupported_compilation
    raise exc.UnsupportedCompilationError(self, element) from err
E   sqlalchemy.exc.UnsupportedCompilationError: Compiler <sqlalchemy.dialects.sqlite.base.SQLiteTypeCompiler object at 0x7fda3b792a50> can't render element of type JSONB (Background on this error at: https://sqlalche.me/e/20/l7de)
The above exception was the direct cause of the following exception:
/opt/hostedtoolcache/Python/3.13.13/x64/lib/python3.13/site-packages/pytest_asyncio/plugin.py:304: in _asyncgen_fixture_wrapper
    result = event_loop.run_until_complete(setup())
/opt/hostedtoolcache/Python/3.13.13/x64/lib/python3.13/asyncio/base_events.py:725: in run_until_complete
    return future.result()
/opt/hostedtoolcache/Python/3.13.13/x64/lib/python3.13/site-packages/pytest_asyncio/plugin.py:286: in setup
    res = await gen_obj.__anext__()
app/tests/conftest.py:58: in test_engine
    await conn.run_sync(Base.metadata.create_all)
/opt/hostedtoolcache/Python/3.13.13/x64/lib/python3.13/site-packages/sqlalchemy/ext/asyncio/engine.py:887: in run_sync
    return await greenlet_spawn(
/opt/hostedtoolcache/Python/3.13.13/x64/lib/python3.13/site-packages/sqlalchemy/util/_concurrency_py3k.py:203: in greenlet_spawn
    result = context.switch(value)
/opt/hostedtoolcache/Python/3.13.13/x64/lib/python3.13/site-packages/sqlalchemy/sql/schema.py:5924: in create_all
    bind._run_ddl_visitor(
/opt/hostedtoolcache/Python/3.13.13/x64/lib/python3.13/site-packages/sqlalchemy/engine/base.py:2459: in _run_ddl_visitor
    ).traverse_single(element)
/opt/hostedtoolcache/Python/3.13.13/x64/lib/python3.13/site-packages/sqlalchemy/sql/visitors.py:661: in traverse_single
    return meth(obj, **kw)
/opt/hostedtoolcache/Python/3.13.13/x64/lib/python3.13/site-packages/sqlalchemy/sql/ddl.py:984: in visit_metadata
    self.traverse_single(
/opt/hostedtoolcache/Python/3.13.13/x64/lib/python3.13/site-packages/sqlalchemy/sql/visitors.py:661: in traverse_single
    return meth(obj, **kw)
/opt/hostedtoolcache/Python/3.13.13/x64/lib/python3.13/site-packages/sqlalchemy/sql/ddl.py:1022: in visit_table
    )._invoke_with(self.connection)
/opt/hostedtoolcache/Python/3.13.13/x64/lib/python3.13/site-packages/sqlalchemy/sql/ddl.py:321: in _invoke_with
    return bind.execute(self)
/opt/hostedtoolcache/Python/3.13.13/x64/lib/python3.13/site-packages/sqlalchemy/engine/base.py:1419: in execute
    return meth(
/opt/hostedtoolcache/Python/3.13.13/x64/lib/python3.13/site-packages/sqlalchemy/sql/ddl.py:187: in _execute_on_connection
    return connection._execute_ddl(
/opt/hostedtoolcache/Python/3.13.13/x64/lib/python3.13/site-packages/sqlalchemy/engine/base.py:1527: in _execute_ddl
    compiled = ddl.compile(
/opt/hostedtoolcache/Python/3.13.13/x64/lib/python3.13/site-packages/sqlalchemy/sql/elements.py:311: in compile
    return self._compiler(dialect, **kw)
/opt/hostedtoolcache/Python/3.13.13/x64/lib/python3.13/site-packages/sqlalchemy/sql/ddl.py:76: in _compiler
    return dialect.ddl_compiler(dialect, self, **kw)
/opt/hostedtoolcache/Python/3.13.13/x64/lib/python3.13/site-packages/sqlalchemy/sql/compiler.py:886: in __init__
    self.string = self.process(self.statement, **compile_kwargs)
/opt/hostedtoolcache/Python/3.13.13/x64/lib/python3.13/site-packages/sqlalchemy/sql/compiler.py:932: in process
    return obj._compiler_dispatch(self, **kwargs)
/opt/hostedtoolcache/Python/3.13.13/x64/lib/python3.13/site-packages/sqlalchemy/sql/visitors.py:138: in _compiler_dispatch
    return meth(self, **kw)  # type: ignore  # noqa: E501
/opt/hostedtoolcache/Python/3.13.13/x64/lib/python3.13/site-packages/sqlalchemy/sql/compiler.py:6779: in visit_create_table
    raise exc.CompileError(
E   sqlalchemy.exc.CompileError: (in table 'website_templates', column 'default_blocks'): Compiler <sqlalchemy.dialects.sqlite.base.SQLiteTypeCompiler object at 0x7fda3b792a50> can't render element of type JSONB
_______ ERROR at setup of test_resolve_provider_uses_crm_when_connected ________
/opt/hostedtoolcache/Python/3.13.13/x64/lib/python3.13/site-packages/sqlalchemy/sql/visitors.py:134: in _compiler_dispatch
    meth = getter(visitor)
E   AttributeError: 'SQLiteTypeCompiler' object has no attribute 'visit_JSONB'. Did you mean: 'visit_JSON'?
The above exception was the direct cause of the following exception:
/opt/hostedtoolcache/Python/3.13.13/x64/lib/python3.13/site-packages/sqlalchemy/sql/compiler.py:6769: in visit_create_table
    processed = self.process(
/opt/hostedtoolcache/Python/3.13.13/x64/lib/python3.13/site-packages/sqlalchemy/sql/compiler.py:932: in process
    return obj._compiler_dispatch(self, **kwargs)
/opt/hostedtoolcache/Python/3.13.13/x64/lib/python3.13/site-packages/sqlalchemy/sql/visitors.py:138: in _compiler_dispatch
    return meth(self, **kw)  # type: ignore  # noqa: E501
/opt/hostedtoolcache/Python/3.13.13/x64/lib/python3.13/site-packages/sqlalchemy/sql/compiler.py:6800: in visit_create_column
    text = self.get_column_specification(column, first_pk=first_pk)
/opt/hostedtoolcache/Python/3.13.13/x64/lib/python3.13/site-packages/sqlalchemy/dialects/sqlite/base.py:1674: in get_column_specification
    coltype = self.dialect.type_compiler_instance.process(
/opt/hostedtoolcache/Python/3.13.13/x64/lib/python3.13/site-packages/sqlalchemy/sql/compiler.py:977: in process
    return type_._compiler_dispatch(self, **kw)
/opt/hostedtoolcache/Python/3.13.13/x64/lib/python3.13/site-packages/sqlalchemy/sql/visitors.py:136: in _compiler_dispatch
    return visitor.visit_unsupported_compilation(self, err, **kw)  # type: ignore  # noqa: E501
/opt/hostedtoolcache/Python/3.13.13/x64/lib/python3.13/site-packages/sqlalchemy/sql/compiler.py:982: in visit_unsupported_compilation
    raise exc.UnsupportedCompilationError(self, element) from err
E   sqlalchemy.exc.UnsupportedCompilationError: Compiler <sqlalchemy.dialects.sqlite.base.SQLiteTypeCompiler object at 0x7fda3b74b4d0> can't render element of type JSONB (Background on this error at: https://sqlalche.me/e/20/l7de)
The above exception was the direct cause of the following exception:
/opt/hostedtoolcache/Python/3.13.13/x64/lib/python3.13/site-packages/pytest_asyncio/plugin.py:304: in _asyncgen_fixture_wrapper
    result = event_loop.run_until_complete(setup())
/opt/hostedtoolcache/Python/3.13.13/x64/lib/python3.13/asyncio/base_events.py:725: in run_until_complete
    return future.result()
/opt/hostedtoolcache/Python/3.13.13/x64/lib/python3.13/site-packages/pytest_asyncio/plugin.py:286: in setup
    res = await gen_obj.__anext__()
app/tests/conftest.py:58: in test_engine
    await conn.run_sync(Base.metadata.create_all)
/opt/hostedtoolcache/Python/3.13.13/x64/lib/python3.13/site-packages/sqlalchemy/ext/asyncio/engine.py:887: in run_sync
    return await greenlet_spawn(
/opt/hostedtoolcache/Python/3.13.13/x64/lib/python3.13/site-packages/sqlalchemy/util/_concurrency_py3k.py:203: in greenlet_spawn
    result = context.switch(value)
/opt/hostedtoolcache/Python/3.13.13/x64/lib/python3.13/site-packages/sqlalchemy/sql/schema.py:5924: in create_all
    bind._run_ddl_visitor(
/opt/hostedtoolcache/Python/3.13.13/x64/lib/python3.13/site-packages/sqlalchemy/engine/base.py:2459: in _run_ddl_visitor
    ).traverse_single(element)
/opt/hostedtoolcache/Python/3.13.13/x64/lib/python3.13/site-packages/sqlalchemy/sql/visitors.py:661: in traverse_single
    return meth(obj, **kw)
/opt/hostedtoolcache/Python/3.13.13/x64/lib/python3.13/site-packages/sqlalchemy/sql/ddl.py:984: in visit_metadata
    self.traverse_single(
/opt/hostedtoolcache/Python/3.13.13/x64/lib/python3.13/site-packages/sqlalchemy/sql/visitors.py:661: in traverse_single
    return meth(obj, **kw)
/opt/hostedtoolcache/Python/3.13.13/x64/lib/python3.13/site-packages/sqlalchemy/sql/ddl.py:1022: in visit_table
    )._invoke_with(self.connection)
/opt/hostedtoolcache/Python/3.13.13/x64/lib/python3.13/site-packages/sqlalchemy/sql/ddl.py:321: in _invoke_with
    return bind.execute(self)
/opt/hostedtoolcache/Python/3.13.13/x64/lib/python3.13/site-packages/sqlalchemy/engine/base.py:1419: in execute
    return meth(
/opt/hostedtoolcache/Python/3.13.13/x64/lib/python3.13/site-packages/sqlalchemy/sql/ddl.py:187: in _execute_on_connection
    return connection._execute_ddl(
/opt/hostedtoolcache/Python/3.13.13/x64/lib/python3.13/site-packages/sqlalchemy/engine/base.py:1527: in _execute_ddl
    compiled = ddl.compile(
/opt/hostedtoolcache/Python/3.13.13/x64/lib/python3.13/site-packages/sqlalchemy/sql/elements.py:311: in compile
    return self._compiler(dialect, **kw)
/opt/hostedtoolcache/Python/3.13.13/x64/lib/python3.13/site-packages/sqlalchemy/sql/ddl.py:76: in _compiler
    return dialect.ddl_compiler(dialect, self, **kw)
/opt/hostedtoolcache/Python/3.13.13/x64/lib/python3.13/site-packages/sqlalchemy/sql/compiler.py:886: in __init__
    self.string = self.process(self.statement, **compile_kwargs)
/opt/hostedtoolcache/Python/3.13.13/x64/lib/python3.13/site-packages/sqlalchemy/sql/compiler.py:932: in process
    return obj._compiler_dispatch(self, **kwargs)
/opt/hostedtoolcache/Python/3.13.13/x64/lib/python3.13/site-packages/sqlalchemy/sql/visitors.py:138: in _compiler_dispatch
    return meth(self, **kw)  # type: ignore  # noqa: E501
/opt/hostedtoolcache/Python/3.13.13/x64/lib/python3.13/site-packages/sqlalchemy/sql/compiler.py:6779: in visit_create_table
    raise exc.CompileError(
E   sqlalchemy.exc.CompileError: (in table 'website_templates', column 'default_blocks'): Compiler <sqlalchemy.dialects.sqlite.base.SQLiteTypeCompiler object at 0x7fda3b74b4d0> can't render element of type JSONB
_______ ERROR at setup of test_resolve_provider_requires_crm_connection ________
/opt/hostedtoolcache/Python/3.13.13/x64/lib/python3.13/site-packages/sqlalchemy/sql/visitors.py:134: in _compiler_dispatch
    meth = getter(visitor)
E   AttributeError: 'SQLiteTypeCompiler' object has no attribute 'visit_JSONB'. Did you mean: 'visit_JSON'?
The above exception was the direct cause of the following exception:
/opt/hostedtoolcache/Python/3.13.13/x64/lib/python3.13/site-packages/sqlalchemy/sql/compiler.py:6769: in visit_create_table
    processed = self.process(
/opt/hostedtoolcache/Python/3.13.13/x64/lib/python3.13/site-packages/sqlalchemy/sql/compiler.py:932: in process
    return obj._compiler_dispatch(self, **kwargs)
/opt/hostedtoolcache/Python/3.13.13/x64/lib/python3.13/site-packages/sqlalchemy/sql/visitors.py:138: in _compiler_dispatch
    return meth(self, **kw)  # type: ignore  # noqa: E501
/opt/hostedtoolcache/Python/3.13.13/x64/lib/python3.13/site-packages/sqlalchemy/sql/compiler.py:6800: in visit_create_column
    text = self.get_column_specification(column, first_pk=first_pk)
/opt/hostedtoolcache/Python/3.13.13/x64/lib/python3.13/site-packages/sqlalchemy/dialects/sqlite/base.py:1674: in get_column_specification
    coltype = self.dialect.type_compiler_instance.process(
/opt/hostedtoolcache/Python/3.13.13/x64/lib/python3.13/site-packages/sqlalchemy/sql/compiler.py:977: in process
    return type_._compiler_dispatch(self, **kw)
/opt/hostedtoolcache/Python/3.13.13/x64/lib/python3.13/site-packages/sqlalchemy/sql/visitors.py:136: in _compiler_dispatch
    return visitor.visit_unsupported_compilation(self, err, **kw)  # type: ignore  # noqa: E501
/opt/hostedtoolcache/Python/3.13.13/x64/lib/python3.13/site-packages/sqlalchemy/sql/compiler.py:982: in visit_unsupported_compilation
    raise exc.UnsupportedCompilationError(self, element) from err
E   sqlalchemy.exc.UnsupportedCompilationError: Compiler <sqlalchemy.dialects.sqlite.base.SQLiteTypeCompiler object at 0x7fda3adad6d0> can't render element of type JSONB (Background on this error at: https://sqlalche.me/e/20/l7de)
The above exception was the direct cause of the following exception:
/opt/hostedtoolcache/Python/3.13.13/x64/lib/python3.13/site-packages/pytest_asyncio/plugin.py:304: in _asyncgen_fixture_wrapper
    result = event_loop.run_until_complete(setup())
/opt/hostedtoolcache/Python/3.13.13/x64/lib/python3.13/asyncio/base_events.py:725: in run_until_complete
    return future.result()
/opt/hostedtoolcache/Python/3.13.13/x64/lib/python3.13/site-packages/pytest_asyncio/plugin.py:286: in setup
    res = await gen_obj.__anext__()
app/tests/conftest.py:58: in test_engine
    await conn.run_sync(Base.metadata.create_all)
/opt/hostedtoolcache/Python/3.13.13/x64/lib/python3.13/site-packages/sqlalchemy/ext/asyncio/engine.py:887: in run_sync
    return await greenlet_spawn(
/opt/hostedtoolcache/Python/3.13.13/x64/lib/python3.13/site-packages/sqlalchemy/util/_concurrency_py3k.py:203: in greenlet_spawn
    result = context.switch(value)
/opt/hostedtoolcache/Python/3.13.13/x64/lib/python3.13/site-packages/sqlalchemy/sql/schema.py:5924: in create_all
    bind._run_ddl_visitor(
/opt/hostedtoolcache/Python/3.13.13/x64/lib/python3.13/site-packages/sqlalchemy/engine/base.py:2459: in _run_ddl_visitor
    ).traverse_single(element)
/opt/hostedtoolcache/Python/3.13.13/x64/lib/python3.13/site-packages/sqlalchemy/sql/visitors.py:661: in traverse_single
    return meth(obj, **kw)
/opt/hostedtoolcache/Python/3.13.13/x64/lib/python3.13/site-packages/sqlalchemy/sql/ddl.py:984: in visit_metadata
    self.traverse_single(
/opt/hostedtoolcache/Python/3.13.13/x64/lib/python3.13/site-packages/sqlalchemy/sql/visitors.py:661: in traverse_single
    return meth(obj, **kw)
/opt/hostedtoolcache/Python/3.13.13/x64/lib/python3.13/site-packages/sqlalchemy/sql/ddl.py:1022: in visit_table
    )._invoke_with(self.connection)
/opt/hostedtoolcache/Python/3.13.13/x64/lib/python3.13/site-packages/sqlalchemy/sql/ddl.py:321: in _invoke_with
    return bind.execute(self)
/opt/hostedtoolcache/Python/3.13.13/x64/lib/python3.13/site-packages/sqlalchemy/engine/base.py:1419: in execute
    return meth(
/opt/hostedtoolcache/Python/3.13.13/x64/lib/python3.13/site-packages/sqlalchemy/sql/ddl.py:187: in _execute_on_connection
    return connection._execute_ddl(
/opt/hostedtoolcache/Python/3.13.13/x64/lib/python3.13/site-packages/sqlalchemy/engine/base.py:1527: in _execute_ddl
    compiled = ddl.compile(
/opt/hostedtoolcache/Python/3.13.13/x64/lib/python3.13/site-packages/sqlalchemy/sql/elements.py:311: in compile
    return self._compiler(dialect, **kw)
/opt/hostedtoolcache/Python/3.13.13/x64/lib/python3.13/site-packages/sqlalchemy/sql/ddl.py:76: in _compiler
    return dialect.ddl_compiler(dialect, self, **kw)
/opt/hostedtoolcache/Python/3.13.13/x64/lib/python3.13/site-packages/sqlalchemy/sql/compiler.py:886: in __init__
    self.string = self.process(self.statement, **compile_kwargs)
/opt/hostedtoolcache/Python/3.13.13/x64/lib/python3.13/site-packages/sqlalchemy/sql/compiler.py:932: in process
    return obj._compiler_dispatch(self, **kwargs)
/opt/hostedtoolcache/Python/3.13.13/x64/lib/python3.13/site-packages/sqlalchemy/sql/visitors.py:138: in _compiler_dispatch
    return meth(self, **kw)  # type: ignore  # noqa: E501
/opt/hostedtoolcache/Python/3.13.13/x64/lib/python3.13/site-packages/sqlalchemy/sql/compiler.py:6779: in visit_create_table
    raise exc.CompileError(
E   sqlalchemy.exc.CompileError: (in table 'website_templates', column 'default_blocks'): Compiler <sqlalchemy.dialects.sqlite.base.SQLiteTypeCompiler object at 0x7fda3adad6d0> can't render element of type JSONB
___ ERROR at setup of test_local_booking_lifecycle_create_reschedule_cancel ____
/opt/hostedtoolcache/Python/3.13.13/x64/lib/python3.13/site-packages/sqlalchemy/sql/visitors.py:134: in _compiler_dispatch
    meth = getter(visitor)
E   AttributeError: 'SQLiteTypeCompiler' object has no attribute 'visit_JSONB'. Did you mean: 'visit_JSON'?
The above exception was the direct cause of the following exception:
/opt/hostedtoolcache/Python/3.13.13/x64/lib/python3.13/site-packages/sqlalchemy/sql/compiler.py:6769: in visit_create_table
    processed = self.process(
/opt/hostedtoolcache/Python/3.13.13/x64/lib/python3.13/site-packages/sqlalchemy/sql/compiler.py:932: in process
    return obj._compiler_dispatch(self, **kwargs)
/opt/hostedtoolcache/Python/3.13.13/x64/lib/python3.13/site-packages/sqlalchemy/sql/visitors.py:138: in _compiler_dispatch
    return meth(self, **kw)  # type: ignore  # noqa: E501
/opt/hostedtoolcache/Python/3.13.13/x64/lib/python3.13/site-packages/sqlalchemy/sql/compiler.py:6800: in visit_create_column
    text = self.get_column_specification(column, first_pk=first_pk)
/opt/hostedtoolcache/Python/3.13.13/x64/lib/python3.13/site-packages/sqlalchemy/dialects/sqlite/base.py:1674: in get_column_specification
    coltype = self.dialect.type_compiler_instance.process(
/opt/hostedtoolcache/Python/3.13.13/x64/lib/python3.13/site-packages/sqlalchemy/sql/compiler.py:977: in process
    return type_._compiler_dispatch(self, **kw)
/opt/hostedtoolcache/Python/3.13.13/x64/lib/python3.13/site-packages/sqlalchemy/sql/visitors.py:136: in _compiler_dispatch
    return visitor.visit_unsupported_compilation(self, err, **kw)  # type: ignore  # noqa: E501
/opt/hostedtoolcache/Python/3.13.13/x64/lib/python3.13/site-packages/sqlalchemy/sql/compiler.py:982: in visit_unsupported_compilation
    raise exc.UnsupportedCompilationError(self, element) from err
E   sqlalchemy.exc.UnsupportedCompilationError: Compiler <sqlalchemy.dialects.sqlite.base.SQLiteTypeCompiler object at 0x7fda3adaed50> can't render element of type JSONB (Background on this error at: https://sqlalche.me/e/20/l7de)
The above exception was the direct cause of the following exception:
/opt/hostedtoolcache/Python/3.13.13/x64/lib/python3.13/site-packages/pytest_asyncio/plugin.py:304: in _asyncgen_fixture_wrapper
    result = event_loop.run_until_complete(setup())
/opt/hostedtoolcache/Python/3.13.13/x64/lib/python3.13/asyncio/base_events.py:725: in run_until_complete
    return future.result()
/opt/hostedtoolcache/Python/3.13.13/x64/lib/python3.13/site-packages/pytest_asyncio/plugin.py:286: in setup
    res = await gen_obj.__anext__()
app/tests/conftest.py:58: in test_engine
    await conn.run_sync(Base.metadata.create_all)
/opt/hostedtoolcache/Python/3.13.13/x64/lib/python3.13/site-packages/sqlalchemy/ext/asyncio/engine.py:887: in run_sync
    return await greenlet_spawn(
/opt/hostedtoolcache/Python/3.13.13/x64/lib/python3.13/site-packages/sqlalchemy/util/_concurrency_py3k.py:203: in greenlet_spawn
    result = context.switch(value)
/opt/hostedtoolcache/Python/3.13.13/x64/lib/python3.13/site-packages/sqlalchemy/sql/schema.py:5924: in create_all
    bind._run_ddl_visitor(
/opt/hostedtoolcache/Python/3.13.13/x64/lib/python3.13/site-packages/sqlalchemy/engine/base.py:2459: in _run_ddl_visitor
    ).traverse_single(element)
/opt/hostedtoolcache/Python/3.13.13/x64/lib/python3.13/site-packages/sqlalchemy/sql/visitors.py:661: in traverse_single
    return meth(obj, **kw)
/opt/hostedtoolcache/Python/3.13.13/x64/lib/python3.13/site-packages/sqlalchemy/sql/ddl.py:984: in visit_metadata
    self.traverse_single(
/opt/hostedtoolcache/Python/3.13.13/x64/lib/python3.13/site-packages/sqlalchemy/sql/visitors.py:661: in traverse_single
    return meth(obj, **kw)
/opt/hostedtoolcache/Python/3.13.13/x64/lib/python3.13/site-packages/sqlalchemy/sql/ddl.py:1022: in visit_table
    )._invoke_with(self.connection)
/opt/hostedtoolcache/Python/3.13.13/x64/lib/python3.13/site-packages/sqlalchemy/sql/ddl.py:321: in _invoke_with
    return bind.execute(self)
/opt/hostedtoolcache/Python/3.13.13/x64/lib/python3.13/site-packages/sqlalchemy/engine/base.py:1419: in execute
    return meth(
/opt/hostedtoolcache/Python/3.13.13/x64/lib/python3.13/site-packages/sqlalchemy/sql/ddl.py:187: in _execute_on_connection
    return connection._execute_ddl(
/opt/hostedtoolcache/Python/3.13.13/x64/lib/python3.13/site-packages/sqlalchemy/engine/base.py:1527: in _execute_ddl
    compiled = ddl.compile(
/opt/hostedtoolcache/Python/3.13.13/x64/lib/python3.13/site-packages/sqlalchemy/sql/elements.py:311: in compile
    return self._compiler(dialect, **kw)
/opt/hostedtoolcache/Python/3.13.13/x64/lib/python3.13/site-packages/sqlalchemy/sql/ddl.py:76: in _compiler
    return dialect.ddl_compiler(dialect, self, **kw)
/opt/hostedtoolcache/Python/3.13.13/x64/lib/python3.13/site-packages/sqlalchemy/sql/compiler.py:886: in __init__
    self.string = self.process(self.statement, **compile_kwargs)
/opt/hostedtoolcache/Python/3.13.13/x64/lib/python3.13/site-packages/sqlalchemy/sql/compiler.py:932: in process
    return obj._compiler_dispatch(self, **kwargs)
/opt/hostedtoolcache/Python/3.13.13/x64/lib/python3.13/site-packages/sqlalchemy/sql/visitors.py:138: in _compiler_dispatch
    return meth(self, **kw)  # type: ignore  # noqa: E501
/opt/hostedtoolcache/Python/3.13.13/x64/lib/python3.13/site-packages/sqlalchemy/sql/compiler.py:6779: in visit_create_table
    raise exc.CompileError(
E   sqlalchemy.exc.CompileError: (in table 'website_templates', column 'default_blocks'): Compiler <sqlalchemy.dialects.sqlite.base.SQLiteTypeCompiler object at 0x7fda3adaed50> can't render element of type JSONB
__________ ERROR at setup of TestAdminLogin.test_admin_login_success ___________
/opt/hostedtoolcache/Python/3.13.13/x64/lib/python3.13/site-packages/sqlalchemy/sql/visitors.py:134: in _compiler_dispatch
    meth = getter(visitor)
E   AttributeError: 'SQLiteTypeCompiler' object has no attribute 'visit_JSONB'. Did you mean: 'visit_JSON'?
The above exception was the direct cause of the following exception:
/opt/hostedtoolcache/Python/3.13.13/x64/lib/python3.13/site-packages/sqlalchemy/sql/compiler.py:6769: in visit_create_table
    processed = self.process(
/opt/hostedtoolcache/Python/3.13.13/x64/lib/python3.13/site-packages/sqlalchemy/sql/compiler.py:932: in process
    return obj._compiler_dispatch(self, **kwargs)
/opt/hostedtoolcache/Python/3.13.13/x64/lib/python3.13/site-packages/sqlalchemy/sql/visitors.py:138: in _compiler_dispatch
    return meth(self, **kw)  # type: ignore  # noqa: E501
/opt/hostedtoolcache/Python/3.13.13/x64/lib/python3.13/site-packages/sqlalchemy/sql/compiler.py:6800: in visit_create_column
    text = self.get_column_specification(column, first_pk=first_pk)
/opt/hostedtoolcache/Python/3.13.13/x64/lib/python3.13/site-packages/sqlalchemy/dialects/sqlite/base.py:1674: in get_column_specification
    coltype = self.dialect.type_compiler_instance.process(
/opt/hostedtoolcache/Python/3.13.13/x64/lib/python3.13/site-packages/sqlalchemy/sql/compiler.py:977: in process
    return type_._compiler_dispatch(self, **kw)
/opt/hostedtoolcache/Python/3.13.13/x64/lib/python3.13/site-packages/sqlalchemy/sql/visitors.py:136: in _compiler_dispatch
    return visitor.visit_unsupported_compilation(self, err, **kw)  # type: ignore  # noqa: E501
/opt/hostedtoolcache/Python/3.13.13/x64/lib/python3.13/site-packages/sqlalchemy/sql/compiler.py:982: in visit_unsupported_compilation
    raise exc.UnsupportedCompilationError(self, element) from err
E   sqlalchemy.exc.UnsupportedCompilationError: Compiler <sqlalchemy.dialects.sqlite.base.SQLiteTypeCompiler object at 0x7fda3adac690> can't render element of type JSONB (Background on this error at: https://sqlalche.me/e/20/l7de)
The above exception was the direct cause of the following exception:
/opt/hostedtoolcache/Python/3.13.13/x64/lib/python3.13/site-packages/pytest_asyncio/plugin.py:304: in _asyncgen_fixture_wrapper
    result = event_loop.run_until_complete(setup())
/opt/hostedtoolcache/Python/3.13.13/x64/lib/python3.13/asyncio/base_events.py:725: in run_until_complete
    return future.result()
/opt/hostedtoolcache/Python/3.13.13/x64/lib/python3.13/site-packages/pytest_asyncio/plugin.py:286: in setup
    res = await gen_obj.__anext__()
app/tests/conftest.py:58: in test_engine
    await conn.run_sync(Base.metadata.create_all)
/opt/hostedtoolcache/Python/3.13.13/x64/lib/python3.13/site-packages/sqlalchemy/ext/asyncio/engine.py:887: in run_sync
    return await greenlet_spawn(
/opt/hostedtoolcache/Python/3.13.13/x64/lib/python3.13/site-packages/sqlalchemy/util/_concurrency_py3k.py:203: in greenlet_spawn
    result = context.switch(value)
/opt/hostedtoolcache/Python/3.13.13/x64/lib/python3.13/site-packages/sqlalchemy/sql/schema.py:5924: in create_all
    bind._run_ddl_visitor(
/opt/hostedtoolcache/Python/3.13.13/x64/lib/python3.13/site-packages/sqlalchemy/engine/base.py:2459: in _run_ddl_visitor
    ).traverse_single(element)
/opt/hostedtoolcache/Python/3.13.13/x64/lib/python3.13/site-packages/sqlalchemy/sql/visitors.py:661: in traverse_single
    return meth(obj, **kw)
/opt/hostedtoolcache/Python/3.13.13/x64/lib/python3.13/site-packages/sqlalchemy/sql/ddl.py:984: in visit_metadata
    self.traverse_single(
/opt/hostedtoolcache/Python/3.13.13/x64/lib/python3.13/site-packages/sqlalchemy/sql/visitors.py:661: in traverse_single
    return meth(obj, **kw)
/opt/hostedtoolcache/Python/3.13.13/x64/lib/python3.13/site-packages/sqlalchemy/sql/ddl.py:1022: in visit_table
    )._invoke_with(self.connection)
/opt/hostedtoolcache/Python/3.13.13/x64/lib/python3.13/site-packages/sqlalchemy/sql/ddl.py:321: in _invoke_with
    return bind.execute(self)
/opt/hostedtoolcache/Python/3.13.13/x64/lib/python3.13/site-packages/sqlalchemy/engine/base.py:1419: in execute
    return meth(
/opt/hostedtoolcache/Python/3.13.13/x64/lib/python3.13/site-packages/sqlalchemy/sql/ddl.py:187: in _execute_on_connection
    return connection._execute_ddl(
/opt/hostedtoolcache/Python/3.13.13/x64/lib/python3.13/site-packages/sqlalchemy/engine/base.py:1527: in _execute_ddl
    compiled = ddl.compile(
/opt/hostedtoolcache/Python/3.13.13/x64/lib/python3.13/site-packages/sqlalchemy/sql/elements.py:311: in compile
    return self._compiler(dialect, **kw)
/opt/hostedtoolcache/Python/3.13.13/x64/lib/python3.13/site-packages/sqlalchemy/sql/ddl.py:76: in _compiler
    return dialect.ddl_compiler(dialect, self, **kw)
/opt/hostedtoolcache/Python/3.13.13/x64/lib/python3.13/site-packages/sqlalchemy/sql/compiler.py:886: in __init__
    self.string = self.process(self.statement, **compile_kwargs)
/opt/hostedtoolcache/Python/3.13.13/x64/lib/python3.13/site-packages/sqlalchemy/sql/compiler.py:932: in process
    return obj._compiler_dispatch(self, **kwargs)
/opt/hostedtoolcache/Python/3.13.13/x64/lib/python3.13/site-packages/sqlalchemy/sql/visitors.py:138: in _compiler_dispatch
    return meth(self, **kw)  # type: ignore  # noqa: E501
/opt/hostedtoolcache/Python/3.13.13/x64/lib/python3.13/site-packages/sqlalchemy/sql/compiler.py:6779: in visit_create_table
    raise exc.CompileError(
E   sqlalchemy.exc.CompileError: (in table 'website_templates', column 'default_blocks'): Compiler <sqlalchemy.dialects.sqlite.base.SQLiteTypeCompiler object at 0x7fda3adac690> can't render element of type JSONB
____ ERROR at setup of TestAdminLogin.test_admin_login_invalid_credentials _____
/opt/hostedtoolcache/Python/3.13.13/x64/lib/python3.13/site-packages/sqlalchemy/sql/visitors.py:134: in _compiler_dispatch
    meth = getter(visitor)
E   AttributeError: 'SQLiteTypeCompiler' object has no attribute 'visit_JSONB'. Did you mean: 'visit_JSON'?
The above exception was the direct cause of the following exception:
/opt/hostedtoolcache/Python/3.13.13/x64/lib/python3.13/site-packages/sqlalchemy/sql/compiler.py:6769: in visit_create_table
    processed = self.process(
/opt/hostedtoolcache/Python/3.13.13/x64/lib/python3.13/site-packages/sqlalchemy/sql/compiler.py:932: in process
    return obj._compiler_dispatch(self, **kwargs)
/opt/hostedtoolcache/Python/3.13.13/x64/lib/python3.13/site-packages/sqlalchemy/sql/visitors.py:138: in _compiler_dispatch
    return meth(self, **kw)  # type: ignore  # noqa: E501
/opt/hostedtoolcache/Python/3.13.13/x64/lib/python3.13/site-packages/sqlalchemy/sql/compiler.py:6800: in visit_create_column
    text = self.get_column_specification(column, first_pk=first_pk)
/opt/hostedtoolcache/Python/3.13.13/x64/lib/python3.13/site-packages/sqlalchemy/dialects/sqlite/base.py:1674: in get_column_specification
    coltype = self.dialect.type_compiler_instance.process(
/opt/hostedtoolcache/Python/3.13.13/x64/lib/python3.13/site-packages/sqlalchemy/sql/compiler.py:977: in process
    return type_._compiler_dispatch(self, **kw)
/opt/hostedtoolcache/Python/3.13.13/x64/lib/python3.13/site-packages/sqlalchemy/sql/visitors.py:136: in _compiler_dispatch
    return visitor.visit_unsupported_compilation(self, err, **kw)  # type: ignore  # noqa: E501
/opt/hostedtoolcache/Python/3.13.13/x64/lib/python3.13/site-packages/sqlalchemy/sql/compiler.py:982: in visit_unsupported_compilation
    raise exc.UnsupportedCompilationError(self, element) from err
E   sqlalchemy.exc.UnsupportedCompilationError: Compiler <sqlalchemy.dialects.sqlite.base.SQLiteTypeCompiler object at 0x7fda3b74a710> can't render element of type JSONB (Background on this error at: https://sqlalche.me/e/20/l7de)
The above exception was the direct cause of the following exception:
/opt/hostedtoolcache/Python/3.13.13/x64/lib/python3.13/site-packages/pytest_asyncio/plugin.py:304: in _asyncgen_fixture_wrapper
    result = event_loop.run_until_complete(setup())
/opt/hostedtoolcache/Python/3.13.13/x64/lib/python3.13/asyncio/base_events.py:725: in run_until_complete
    return future.result()
/opt/hostedtoolcache/Python/3.13.13/x64/lib/python3.13/site-packages/pytest_asyncio/plugin.py:286: in setup
    res = await gen_obj.__anext__()
app/tests/conftest.py:58: in test_engine
    await conn.run_sync(Base.metadata.create_all)
/opt/hostedtoolcache/Python/3.13.13/x64/lib/python3.13/site-packages/sqlalchemy/ext/asyncio/engine.py:887: in run_sync
    return await greenlet_spawn(
/opt/hostedtoolcache/Python/3.13.13/x64/lib/python3.13/site-packages/sqlalchemy/util/_concurrency_py3k.py:203: in greenlet_spawn
    result = context.switch(value)
/opt/hostedtoolcache/Python/3.13.13/x64/lib/python3.13/site-packages/sqlalchemy/sql/schema.py:5924: in create_all
    bind._run_ddl_visitor(
/opt/hostedtoolcache/Python/3.13.13/x64/lib/python3.13/site-packages/sqlalchemy/engine/base.py:2459: in _run_ddl_visitor
    ).traverse_single(element)
/opt/hostedtoolcache/Python/3.13.13/x64/lib/python3.13/site-packages/sqlalchemy/sql/visitors.py:661: in traverse_single
    return meth(obj, **kw)
/opt/hostedtoolcache/Python/3.13.13/x64/lib/python3.13/site-packages/sqlalchemy/sql/ddl.py:984: in visit_metadata
    self.traverse_single(
/opt/hostedtoolcache/Python/3.13.13/x64/lib/python3.13/site-packages/sqlalchemy/sql/visitors.py:661: in traverse_single
    return meth(obj, **kw)
/opt/hostedtoolcache/Python/3.13.13/x64/lib/python3.13/site-packages/sqlalchemy/sql/ddl.py:1022: in visit_table
    )._invoke_with(self.connection)
/opt/hostedtoolcache/Python/3.13.13/x64/lib/python3.13/site-packages/sqlalchemy/sql/ddl.py:321: in _invoke_with
    return bind.execute(self)
/opt/hostedtoolcache/Python/3.13.13/x64/lib/python3.13/site-packages/sqlalchemy/engine/base.py:1419: in execute
    return meth(
/opt/hostedtoolcache/Python/3.13.13/x64/lib/python3.13/site-packages/sqlalchemy/sql/ddl.py:187: in _execute_on_connection
    return connection._execute_ddl(
/opt/hostedtoolcache/Python/3.13.13/x64/lib/python3.13/site-packages/sqlalchemy/engine/base.py:1527: in _execute_ddl
    compiled = ddl.compile(
/opt/hostedtoolcache/Python/3.13.13/x64/lib/python3.13/site-packages/sqlalchemy/sql/elements.py:311: in compile
    return self._compiler(dialect, **kw)
/opt/hostedtoolcache/Python/3.13.13/x64/lib/python3.13/site-packages/sqlalchemy/sql/ddl.py:76: in _compiler
    return dialect.ddl_compiler(dialect, self, **kw)
/opt/hostedtoolcache/Python/3.13.13/x64/lib/python3.13/site-packages/sqlalchemy/sql/compiler.py:886: in __init__
    self.string = self.process(self.statement, **compile_kwargs)
/opt/hostedtoolcache/Python/3.13.13/x64/lib/python3.13/site-packages/sqlalchemy/sql/compiler.py:932: in process
    return obj._compiler_dispatch(self, **kwargs)
/opt/hostedtoolcache/Python/3.13.13/x64/lib/python3.13/site-packages/sqlalchemy/sql/visitors.py:138: in _compiler_dispatch
    return meth(self, **kw)  # type: ignore  # noqa: E501
/opt/hostedtoolcache/Python/3.13.13/x64/lib/python3.13/site-packages/sqlalchemy/sql/compiler.py:6779: in visit_create_table
    raise exc.CompileError(
E   sqlalchemy.exc.CompileError: (in table 'website_templates', column 'default_blocks'): Compiler <sqlalchemy.dialects.sqlite.base.SQLiteTypeCompiler object at 0x7fda3b74a710> can't render element of type JSONB
_______ ERROR at setup of TestAdminLogin.test_admin_login_not_configured _______
/opt/hostedtoolcache/Python/3.13.13/x64/lib/python3.13/site-packages/sqlalchemy/sql/visitors.py:134: in _compiler_dispatch
    meth = getter(visitor)
E   AttributeError: 'SQLiteTypeCompiler' object has no attribute 'visit_JSONB'. Did you mean: 'visit_JSON'?
The above exception was the direct cause of the following exception:
/opt/hostedtoolcache/Python/3.13.13/x64/lib/python3.13/site-packages/sqlalchemy/sql/compiler.py:6769: in visit_create_table
    processed = self.process(
/opt/hostedtoolcache/Python/3.13.13/x64/lib/python3.13/site-packages/sqlalchemy/sql/compiler.py:932: in process
    return obj._compiler_dispatch(self, **kwargs)
/opt/hostedtoolcache/Python/3.13.13/x64/lib/python3.13/site-packages/sqlalchemy/sql/visitors.py:138: in _compiler_dispatch
    return meth(self, **kw)  # type: ignore  # noqa: E501
/opt/hostedtoolcache/Python/3.13.13/x64/lib/python3.13/site-packages/sqlalchemy/sql/compiler.py:6800: in visit_create_column
    text = self.get_column_specification(column, first_pk=first_pk)
/opt/hostedtoolcache/Python/3.13.13/x64/lib/python3.13/site-packages/sqlalchemy/dialects/sqlite/base.py:1674: in get_column_specification
    coltype = self.dialect.type_compiler_instance.process(
/opt/hostedtoolcache/Python/3.13.13/x64/lib/python3.13/site-packages/sqlalchemy/sql/compiler.py:977: in process
    return type_._compiler_dispatch(self, **kw)
/opt/hostedtoolcache/Python/3.13.13/x64/lib/python3.13/site-packages/sqlalchemy/sql/visitors.py:136: in _compiler_dispatch
    return visitor.visit_unsupported_compilation(self, err, **kw)  # type: ignore  # noqa: E501
/opt/hostedtoolcache/Python/3.13.13/x64/lib/python3.13/site-packages/sqlalchemy/sql/compiler.py:982: in visit_unsupported_compilation
    raise exc.UnsupportedCompilationError(self, element) from err
E   sqlalchemy.exc.UnsupportedCompilationError: Compiler <sqlalchemy.dialects.sqlite.base.SQLiteTypeCompiler object at 0x7fda3b74b4d0> can't render element of type JSONB (Background on this error at: https://sqlalche.me/e/20/l7de)
The above exception was the direct cause of the following exception:
/opt/hostedtoolcache/Python/3.13.13/x64/lib/python3.13/site-packages/pytest_asyncio/plugin.py:304: in _asyncgen_fixture_wrapper
    result = event_loop.run_until_complete(setup())
/opt/hostedtoolcache/Python/3.13.13/x64/lib/python3.13/asyncio/base_events.py:725: in run_until_complete
    return future.result()
/opt/hostedtoolcache/Python/3.13.13/x64/lib/python3.13/site-packages/pytest_asyncio/plugin.py:286: in setup
    res = await gen_obj.__anext__()
app/tests/conftest.py:58: in test_engine
    await conn.run_sync(Base.metadata.create_all)
/opt/hostedtoolcache/Python/3.13.13/x64/lib/python3.13/site-packages/sqlalchemy/ext/asyncio/engine.py:887: in run_sync
    return await greenlet_spawn(
/opt/hostedtoolcache/Python/3.13.13/x64/lib/python3.13/site-packages/sqlalchemy/util/_concurrency_py3k.py:203: in greenlet_spawn
    result = context.switch(value)
/opt/hostedtoolcache/Python/3.13.13/x64/lib/python3.13/site-packages/sqlalchemy/sql/schema.py:5924: in create_all
    bind._run_ddl_visitor(
/opt/hostedtoolcache/Python/3.13.13/x64/lib/python3.13/site-packages/sqlalchemy/engine/base.py:2459: in _run_ddl_visitor
    ).traverse_single(element)
/opt/hostedtoolcache/Python/3.13.13/x64/lib/python3.13/site-packages/sqlalchemy/sql/visitors.py:661: in traverse_single
    return meth(obj, **kw)
/opt/hostedtoolcache/Python/3.13.13/x64/lib/python3.13/site-packages/sqlalchemy/sql/ddl.py:984: in visit_metadata
    self.traverse_single(
/opt/hostedtoolcache/Python/3.13.13/x64/lib/python3.13/site-packages/sqlalchemy/sql/visitors.py:661: in traverse_single
    return meth(obj, **kw)
/opt/hostedtoolcache/Python/3.13.13/x64/lib/python3.13/site-packages/sqlalchemy/sql/ddl.py:1022: in visit_table
    )._invoke_with(self.connection)
/opt/hostedtoolcache/Python/3.13.13/x64/lib/python3.13/site-packages/sqlalchemy/sql/ddl.py:321: in _invoke_with
    return bind.execute(self)
/opt/hostedtoolcache/Python/3.13.13/x64/lib/python3.13/site-packages/sqlalchemy/engine/base.py:1419: in execute
    return meth(
/opt/hostedtoolcache/Python/3.13.13/x64/lib/python3.13/site-packages/sqlalchemy/sql/ddl.py:187: in _execute_on_connection
    return connection._execute_ddl(
/opt/hostedtoolcache/Python/3.13.13/x64/lib/python3.13/site-packages/sqlalchemy/engine/base.py:1527: in _execute_ddl
    compiled = ddl.compile(
/opt/hostedtoolcache/Python/3.13.13/x64/lib/python3.13/site-packages/sqlalchemy/sql/elements.py:311: in compile
    return self._compiler(dialect, **kw)
/opt/hostedtoolcache/Python/3.13.13/x64/lib/python3.13/site-packages/sqlalchemy/sql/ddl.py:76: in _compiler
    return dialect.ddl_compiler(dialect, self, **kw)
/opt/hostedtoolcache/Python/3.13.13/x64/lib/python3.13/site-packages/sqlalchemy/sql/compiler.py:886: in __init__
    self.string = self.process(self.statement, **compile_kwargs)
/opt/hostedtoolcache/Python/3.13.13/x64/lib/python3.13/site-packages/sqlalchemy/sql/compiler.py:932: in process
    return obj._compiler_dispatch(self, **kwargs)
/opt/hostedtoolcache/Python/3.13.13/x64/lib/python3.13/site-packages/sqlalchemy/sql/visitors.py:138: in _compiler_dispatch
    return meth(self, **kw)  # type: ignore  # noqa: E501
/opt/hostedtoolcache/Python/3.13.13/x64/lib/python3.13/site-packages/sqlalchemy/sql/compiler.py:6779: in visit_create_table
    raise exc.CompileError(
E   sqlalchemy.exc.CompileError: (in table 'website_templates', column 'default_blocks'): Compiler <sqlalchemy.dialects.sqlite.base.SQLiteTypeCompiler object at 0x7fda3b74b4d0> can't render element of type JSONB
[...]
app/prompts/__init__.py                                       2      0   100%
app/prompts/system_prompts.py                                81     19    77%
app/qdrant/__init__.py                                        0      0   100%
app/qdrant/embeddings.py                                     44     17    61%
app/qdrant/indexer.py                                       163    163     0%
app/qdrant/search_service.py                                103     64    38%
app/router_admin/__init__.py                                  0      0   100%
app/router_admin/dao.py                                      29     18    38%
app/router_admin/router.py                                  724    724     0%
app/router_admin/sales_admin.py                             137    137     0%
app/router_admin/schemas.py                                 121    121     0%
app/router_agents/__init__.py                                 0      0   100%
app/router_agents/dao.py                                     32     16    50%
app/router_agents/public_router.py                           69     69     0%
app/router_agents/public_schemas.py                          44     44     0%
app/router_agents/router.py                                3708   3708     0%
app/router_agents/schemas.py                                353    353     0%
app/router_agents/telephony_analytics.py                     25     25     0%
app/router_agents/telephony_channel.py                       27     27     0%
app/router_documents/__init__.py                              0      0   100%
app/router_documents/dao.py                                  27     27     0%
app/router_documents/router.py                              351    351     0%
app/router_documents/schemas.py                              33     33     0%
app/router_payments/__init__.py                               0      0   100%
app/router_payments/dao.py                                   41     23    44%
app/router_payments/router.py                               461    461     0%
app/router_payments/schemas.py                               90     90     0%
app/router_referrals/__init__.py                              0      0   100%
app/router_referrals/dao.py                                  59     59     0%
app/router_referrals/router.py                              126    126     0%
app/router_referrals/schemas.py                              24     24     0%
app/router_sales/__init__.py                                  2      2     0%
app/router_sales/deps.py                                     30     30     0%
app/router_sales/router.py                                  238    238     0%
app/router_sales/schemas.py                                  39     39     0%
app/router_telephony/__init__.py                              2      0   100%
app/router_telephony/call_loader.py                          13      1    92%
app/router_telephony/cancel_handler.py                        9      3    67%
app/router_telephony/router.py                               88     53    40%
app/router_telephony/schemas.py                             110      0   100%
app/router_telephony/service.py                             131     81    38%
app/router_telephony/turn_handler.py                        168    117    30%
app/router_users/__init__.py                                  0      0   100%
app/router_users/dao.py                                      57     36    37%
app/router_users/router.py                                  835    835     0%
app/router_users/schemas.py                                  73     73     0%
app/router_websites/__init__.py                              10      7    30%
app/router_websites/dao.py                                  108     72    33%
app/router_websites/public_router.py                         77     77     0%
app/router_websites/router.py                               895    895     0%
app/router_websites/schemas.py                              287    287     0%
app/router_websites/utils.py                                174    174     0%
app/services/__init__.py                                      3      0   100%
app/services/admin_booking/__init__.py                        3      0   100%
app/services/admin_booking/catalog_prompt.py                127     59    54%
app/services/admin_booking/client_notify.py                 101     80    21%
app/services/admin_booking/domains.py                        29     29     0%
app/services/admin_booking/payment_fulfillment.py           129     59    54%
app/services/admin_booking/payment_service.py               297    253    15%
app/services/admin_booking/providers/__init__.py              4      0   100%
app/services/admin_booking/providers/base.py                 65     20    69%
app/services/admin_booking/providers/crm.py                  68     38    44%
app/services/admin_booking/providers/local.py               502    447    11%
app/services/admin_booking/service.py                       198    150    24%
app/services/admin_booking/tool_registry.py                 537    211    61%
app/services/agent_autopay.py                               136     92    32%
app/services/agent_availability.py                           95     17    82%
app/services/agent_billing.py                                19      3    84%
app/services/agent_billing_maintenance.py                    46     18    61%
app/services/agent_memory.py                                 39      4    90%
app/services/agent_public_data.py                            83     83     0%
app/services/ai_authoring.py                                 45     22    51%
app/services/article_publisher/__init__.py                    0      0   100%
app/services/article_publisher/content_generator.py          37     37     0%
app/services/article_publisher/publishers/__init__.py         0      0   100%
app/services/article_publisher/publishers/base.py            11     11     0%
app/services/article_publisher/publishers/vcru.py           140    140     0%
app/services/article_publisher/publishers/yandex_zen.py     182    182     0%
app/services/article_publisher/service.py                   207    207     0%
app/services/article_publisher/topic_generator.py            67     67     0%
app/services/article_publisher/worker.py                    159    159     0%
app/services/content_factory_runtime.py                      33      2    94%
app/services/content_factory_worker.py                      156     84    46%
app/services/content_job_service.py                         225    194    14%
app/services/crm/__init__.py                                  2      0   100%
app/services/crm/factory.py                                  11      0   100%
app/services/crm/providers/__init__.py                        4      0   100%
app/services/crm/providers/amocrm.py                         79     15    81%
app/services/crm/providers/base.py                           39      9    77%
app/services/crm/providers/bitrix24.py                       91     15    84%
app/services/crm/tool_registry.py                           186    122    34%
app/services/error_log_service.py                           101     77    24%
app/services/http_integration/__init__.py                     0      0   100%
app/services/http_integration/errors.py                       3      0   100%
app/services/http_integration/executor.py                   190    126    34%
app/services/http_integration/tool_registry.py              197    113    43%
app/services/human_delay.py                                  57     39    32%
app/services/internal_sales.py                              388    205    47%
app/services/kling_client.py                                137     29    79%
app/services/onboarding_email_maintenance.py                 60     60     0%
app/services/partner_payouts.py                              18     18     0%
app/services/qa_handoff_service.py                           91     71    22%
app/services/referral.py                                    103     68    34%
app/services/reindex_jobs.py                                146    146     0%
app/services/sales/__init__.py                                0      0   100%
app/services/sales/agent_contact_context.py                  19     12    37%
app/services/sales/agent_excel_import.py                     55     42    24%
app/services/sales/agent_outreach_service.py                114    114     0%
app/services/sales/analytics_service.py                      33     33     0%
app/services/sales/contact_pool.py                          110     46    58%
app/services/sales/contact_target_resolver.py                83     33    60%
app/services/sales/dm_outreach_worker.py                    216    216     0%
app/services/sales/dm_queue_service.py                       82     53    35%
app/services/sales/fsm.py                                    56     35    38%
app/services/sales/outreach_scheduling.py                    12      0   100%
app/services/sales/outreach_send.py                          78     63    19%
app/services/sales/sales_followup_service.py                101     70    31%
app/services/sales/sales_playbook.py                          2      0   100%
app/services/sales/tool_registry.py                         151     38    75%
app/services/sales/trigger_words.py                          66     24    64%
app/services/sales_excel_import.py                          174     24    86%
app/services/sales_moy_nalog_invoice.py                     130     36    72%
app/services/script_service.py                              121     86    29%
app/services/subscription_maintenance.py                     15     15     0%
app/services/telegram_userbot_auth.py                       292    193    34%
app/services/telephony_orchestrator.py                      181     42    77%
app/services/template_runtime.py                           1113    650    42%
app/services/user_payment_methods.py                         57     57     0%
app/services/voice_transcription.py                         127    105    17%
app/services/voximplant_client.py                            82     82     0%
app/services/website_css_isolation.py                       154    154     0%
app/services/website_export_service.py                      391    318    19%
app/services/website_generation_service.py                  344    297    14%
app/services/website_sanitization_service.py                127     99    22%
app/services/website_seo_service.py                         165    165     0%
app/services/youtube_client.py                              186     49    74%
app/subscription_plans.py                                    76     76     0%
app/telephony/__init__.py                                     5      0   100%
app/telephony/agent_guards.py                                42     29    31%
app/telephony/compliance.py                                   5      0   100%
app/telephony/constants.py                                    4      0   100%
app/telephony/credentials.py                                 75      3    96%
app/telephony/dialog_batch.py                                18      6    67%
app/telephony/dtmf.py                                        10      1    90%
app/telephony/filler_audio.py                                37     37     0%
app/telephony/intent.py                                      15      2    87%
app/telephony/internal_auth.py                               27     19    30%
app/telephony/latency_budget.py                              96     15    84%
app/telephony/logging.py                                     10      0   100%
app/telephony/masking.py                                      8      0   100%
app/telephony/metrics.py                                     93     16    83%
app/telephony/orchestrator_main.py                           33     33     0%
app/telephony/orchestrator_worker.py                        428    276    36%
app/telephony/outbound_publish.py                            19      7    63%
app/telephony/platform_config.py                             65     18    72%
app/telephony/prompt.py                                       3      0   100%
app/telephony/prosody.py                                     58     19    67%
app/telephony/redis_keys.py                                  30      8    73%
app/telephony/redis_store.py                                191    145    24%
app/telephony/retention.py                                   17      9    47%
app/telephony/routing.py                                    200    112    44%
app/telephony/session_cache.py                               32     20    38%
app/telephony/stream_cancel.py                               61     18    70%
app/telephony/stream_pipeline.py                            206    129    37%
app/telephony/stream_tts.py                                 176    131    26%
app/telephony/streaming.py                                  139     83    40%
app/telephony/tts_service.py                                109     62    43%
app/telephony/turn_pool.py                                   22     10    55%
app/telephony/ulaw.py                                        14     14     0%
app/telephony/webhook_urls.py                                 7      4    43%
app/telephony/worker_main.py                                 14     14     0%
app/telephony/yandex_tts_stream.py                          143    143     0%
app/tests/conftest.py                                       176    118    33%
app/tests/test_admin_booking_service.py                      94     64    32%
app/tests/test_admin_booking_tool_registry.py               122     10    92%
app/tests/test_admin_router.py                              380    305    20%
app/tests/test_admin_template_router.py                     112    100    11%
app/tests/test_agent_autopay.py                              16      0   100%
app/tests/test_agent_availability.py                         25      0   100%
app/tests/test_agent_billing_maintenance.py                  54      0   100%
app/tests/test_agent_memory.py                               12      0   100%
app/tests/test_agent_sales_contact_resolver.py               25      0   100%
app/tests/test_agent_template_pricing.py                     97      0   100%
app/tests/test_agents_router.py                             259    194    25%
app/tests/test_application_error_logs.py                     53     40    25%
app/tests/test_booking_catalog_prompt.py                     16      0   100%
app/tests/test_booking_payment_fulfillment.py                48      0   100%
app/tests/test_content_factory_worker.py                    112      1    99%
app/tests/test_content_job_service.py                       100     80    20%
app/tests/test_crm_providers_contract.py                     52      0   100%
app/tests/test_documents_router.py                          257    217    16%
app/tests/test_http_integration.py                           18      0   100%
app/tests/test_internal_sales_allocation.py                  66      0   100%
app/tests/test_kling_client.py                               81      1    99%
app/tests/test_outreach_scheduling.py                        14      0   100%
app/tests/test_payments_router.py                           184    143    22%
app/tests/test_referral_service.py                           16      0   100%
app/tests/test_sales_contact_pool.py                         24      0   100%
app/tests/test_sales_contact_upsert.py                       27      0   100%
app/tests/test_sales_excel_import.py                         47     15    68%
app/tests/test_sales_fsm.py                                  13      0   100%
app/tests/test_sales_invoice.py                              59      0   100%
app/tests/test_sales_manager.py                              97     41    58%
app/tests/test_sales_tool_registry.py                        17      0   100%
app/tests/test_sales_trigger_words.py                         9      0   100%
app/tests/test_script_service.py                             75     57    24%
app/tests/test_search_service.py                             30      0   100%
app/tests/test_telegram_userbot_auth.py                      32      3    91%
app/tests/test_telephony_barge_in.py                         29      0   100%
app/tests/test_telephony_credentials.py                      48      0   100%
app/tests/test_telephony_dialogue_voice.py                   13      1    92%
app/tests/test_telephony_dtmf.py                              7      0   100%
app/tests/test_telephony_intent.py                            7      0   100%
app/tests/test_telephony_internal.py                         41      3    93%
app/tests/test_telephony_latency_budget.py                   22      0   100%
app/tests/test_telephony_logging.py                           6      0   100%
app/tests/test_telephony_masking.py                           4      0   100%
app/tests/test_telephony_metrics.py                          16      0   100%
app/tests/test_telephony_orchestrator.py                     28      0   100%
app/tests/test_telephony_orchestrator_dtmf.py                44      1    98%
app/tests/test_telephony_orchestrator_events.py              23      0   100%
app/tests/test_telephony_orchestrator_integration.py         60     17    72%
app/tests/test_telephony_platform_config.py                  10      0   100%
app/tests/test_telephony_prompt.py                            8      0   100%
app/tests/test_telephony_prosody.py                           9      0   100%
app/tests/test_telephony_routing.py                          46     10    78%
app/tests/test_telephony_sip_routing.py                      19      0   100%
app/tests/test_telephony_stream_cancel.py                    15      0   100%
app/tests/test_telephony_stream_fixed_phrase.py              14      0   100%
app/tests/test_telephony_streaming.py                        11      1    91%
app/tests/test_telephony_streaming_syntagma.py               10      0   100%
app/tests/test_telephony_tts.py                              50      3    94%
app/tests/test_telephony_turn_handler.py                     47      5    89%
app/tests/test_telephony_turn_limits.py                      36      4    89%
app/tests/test_telephony_webhook_signature.py                14      0   100%
app/tests/test_telephony_welcome_phrases.py                   7      0   100%
app/tests/test_template_runtime_sales.py                    274     61    78%
app/tests/test_template_runtime_sanitize.py                  29      0   100%
app/tests/test_user_error_reports.py                         39     27    31%
app/tests/test_userbot_manager_sales_modes.py                45      0   100%
Error: Process completed with exit code 1.
0s
0s
Post job cleanup.
/usr/bin/git version
git version 2.54.0
Temporarily overriding HOME='/home/runner/work/_temp/48fab871-2f63-4a19-9782-d03e2e6243ad' before making global git config changes
Adding repository directory to the temporary git global config as a safe directory
/usr/bin/git config --global --add safe.directory /home/runner/work/RSD/RSD
/usr/bin/git config --local --name-only --get-regexp core\.sshCommand
/usr/bin/git submodule foreach --recursive sh -c "git config --local --name-only --get-regexp 'core\.sshCommand' && git config --local --unset-all 'core.sshCommand' || :"
/usr/bin/git config --local --name-only --get-regexp http\.https\:\/\/github\.com\/\.extraheader
http.https://github.com/.extraheader
/usr/bin/git config --local --unset-all http.https://github.com/.extraheader
/usr/bin/git submodule foreach --recursive sh -c "git config --local --name-only --get-regexp 'http\.https\:\/\/github\.com\/\.extraheader' && git config --local --unset-all 'http.https://github.com/.extraheader' || :"
/usr/bin/git config --local --name-only --get-regexp ^includeIf\.gitdir:
/usr/bin/git submodule foreach --recursive git config --local --show-origin --name-only --get-regexp remote.origin.url